        -:    0:Source:/home/ronan/Documents/2024-2025/Minor/Engine-BRAVO/code/external/SLikeNet/Source/src/ReliabilityLayer.cpp
        -:    0:Graph:build/external/SLikeNet/Lib/LibStatic/CMakeFiles/RakNetLibStatic.dir/__/__/Source/src/ReliabilityLayer.cpp.gcno
        -:    0:Data:build/external/SLikeNet/Lib/LibStatic/CMakeFiles/RakNetLibStatic.dir/__/__/Source/src/ReliabilityLayer.cpp.gcda
        -:    0:Runs:0
        -:    1:/*
        -:    2: *  Original work: Copyright (c) 2014, Oculus VR, Inc.
        -:    3: *  All rights reserved.
        -:    4: *
        -:    5: *  This source code is licensed under the BSD-style license found in the
        -:    6: *  RakNet License.txt file in the licenses directory of this source tree. An additional grant 
        -:    7: *  of patent rights can be found in the RakNet Patents.txt file in the same directory.
        -:    8: *
        -:    9: *
        -:   10: *  Modified work: Copyright (c) 2016-2018, SLikeSoft UG (haftungsbeschränkt)
        -:   11: *
        -:   12: *  This source code was modified by SLikeSoft. Modifications are licensed under the MIT-style
        -:   13: *  license found in the license.txt file in the root directory of this source tree.
        -:   14: */
        -:   15:
        -:   16:/// \file
        -:   17:///
        -:   18:
        -:   19:
        -:   20:
        -:   21:#include "slikenet/ReliabilityLayer.h"
        -:   22:#include "slikenet/GetTime.h"
        -:   23:#include "slikenet/SocketLayer.h"
        -:   24:#include "slikenet/PluginInterface2.h"
        -:   25:#include "slikenet/assert.h"
        -:   26:#include "slikenet/Rand.h"
        -:   27:#include "slikenet/MessageIdentifiers.h"
        -:   28:#ifdef USE_THREADED_SEND
        -:   29:#include "slikenet/SendToThread.h"
        -:   30:#endif
        -:   31:#include <math.h>
        -:   32:#include "slikenet/linux_adapter.h"
        -:   33:#include "slikenet/osx_adapter.h"
        -:   34:
        -:   35:using namespace SLNet;
        -:   36:
        -:   37:// Can't figure out which library has this function on the PS3
function Ceil(double) called 0 returned 0% blocks executed 0%
    #####:   38:double Ceil(double d) {if (((double)((int)d))==d) return d; return (int) (d+1.0);}
    %%%%%:   38-block  0
branch  0 never executed (fallthrough)
branch  1 never executed
    %%%%%:   38-block  1
    %%%%%:   38-block  2
        -:   39:
        -:   40:// #if defined(new)
        -:   41:// #pragma push_macro("new")
        -:   42:// #undef new
        -:   43:// #define RELIABILITY_LAYER_NEW_UNDEF_ALLOCATING_QUEUE
        -:   44:// #endif
        -:   45:
        -:   46:
        -:   47://#define _DEBUG_LOGGER
        -:   48:
        -:   49:#if CC_TIME_TYPE_BYTES==4
        -:   50:static const CCTimeType MAX_TIME_BETWEEN_PACKETS= 350; // 350 milliseconds
        -:   51:static const CCTimeType HISTOGRAM_RESTART_CYCLE=10000; // Every 10 seconds reset the histogram
        -:   52:#else
        -:   53:static const CCTimeType MAX_TIME_BETWEEN_PACKETS= 350000; // 350 milliseconds
        -:   54://static const CCTimeType HISTOGRAM_RESTART_CYCLE=10000000; // Every 10 seconds reset the histogram
        -:   55:#endif
        -:   56:static const int DEFAULT_HAS_RECEIVED_PACKET_QUEUE_SIZE=512;
        -:   57:static const CCTimeType STARTING_TIME_BETWEEN_PACKETS=MAX_TIME_BETWEEN_PACKETS;
        -:   58://static const long double TIME_BETWEEN_PACKETS_INCREASE_MULTIPLIER_DEFAULT=.02;
        -:   59://static const long double TIME_BETWEEN_PACKETS_DECREASE_MULTIPLIER_DEFAULT=1.0 / 9.0;
        -:   60:
        -:   61:typedef uint32_t BitstreamLengthEncoding;
        -:   62:
        -:   63://#define PRINT_TO_FILE_RELIABLE_ORDERED_TEST
        -:   64:#ifdef PRINT_TO_FILE_RELIABLE_ORDERED_TEST
        -:   65:static unsigned int packetNumber=0;
        -:   66:static FILE *fp=0;
        -:   67:#endif
        -:   68:
        -:   69://#define FLIP_SEND_ORDER_TEST
        -:   70://#define LOG_TRIVIAL_NOTIFICATIONS
        -:   71:
function SLNet::BPSTracker::TimeAndValue2::TimeAndValue2() called 0 returned 0% blocks executed 0%
    #####:   72:BPSTracker::TimeAndValue2::TimeAndValue2() {}
function SLNet::BPSTracker::TimeAndValue2::~TimeAndValue2() called 0 returned 0% blocks executed 0%
    #####:   73:BPSTracker::TimeAndValue2::~TimeAndValue2() {}
function SLNet::BPSTracker::TimeAndValue2::TimeAndValue2(unsigned long, unsigned long) called 0 returned 0% blocks executed 0%
    #####:   74:BPSTracker::TimeAndValue2::TimeAndValue2(SLNet::TimeUS t, uint64_t v1) : value1(v1), time(t) {}
        -:   75://BPSTracker::TimeAndValue2::TimeAndValue2(SLNet::TimeUS t, uint64_t v1, uint64_t v2) : time(t), value1(v1), value2(v2) {}
function SLNet::BPSTracker::BPSTracker() called 0 returned 0% blocks executed 0%
    #####:   76:BPSTracker::BPSTracker() {Reset(_FILE_AND_LINE_);}
    %%%%%:   76-block  0
call    0 never executed
call    1 never executed
branch  2 never executed (fallthrough)
branch  3 never executed (throw)
    %%%%%:   76-block  1
    $$$$$:   76-block  2
call    4 never executed
function SLNet::BPSTracker::~BPSTracker() called 0 returned 0% blocks executed 0%
    #####:   77:BPSTracker::~BPSTracker() {}
    %%%%%:   77-block  0
call    0 never executed
        -:   78://void BPSTracker::Reset(const char *file, unsigned int line) {total1=total2=lastSec1=lastSec2=0; dataQueue.Clear(file,line);}
function SLNet::BPSTracker::Reset(char const*, unsigned int) called 0 returned 0% blocks executed 0%
    #####:   79:void BPSTracker::Reset(const char *file, unsigned int line) {total1=lastSec1=0; dataQueue.Clear(file,line);}
    %%%%%:   79-block  0
call    0 never executed
        -:   80://void BPSTracker::Push2(RakNetTimeUS time, uint64_t value1, uint64_t value2) {dataQueue.Push(TimeAndValue2(time,value1,value2),_FILE_AND_LINE_); total1+=value1; lastSec1+=value1;  total2+=value2; lastSec2+=value2;}
        -:   81://uint64_t BPSTracker::GetBPS2(RakNetTimeUS time) {ClearExpired2(time); return lastSec2;}
        -:   82://void BPSTracker::GetBPS1And2(RakNetTimeUS time, uint64_t &out1, uint64_t &out2) {ClearExpired2(time); out1=lastSec1; out2=lastSec2;}
function SLNet::BPSTracker::GetTotal1() const called 0 returned 0% blocks executed 0%
    #####:   83:uint64_t BPSTracker::GetTotal1(void) const {return total1;}
    %%%%%:   83-block  0
        -:   84://uint64_t BPSTracker::GetTotal2(void) const {return total2;}
        -:   85:
        -:   86:// void BPSTracker::ClearExpired2(SLNet::TimeUS time) {
        -:   87:// 	SLNet::TimeUS threshold=time;
        -:   88:// 	if (threshold < 1000000)
        -:   89:// 		return;
        -:   90:// 	threshold-=1000000;
        -:   91:// 	while (dataQueue.IsEmpty()==false && dataQueue.Peek().time < threshold)
        -:   92:// 	{
        -:   93:// 		lastSec1-=dataQueue.Peek().value1;
        -:   94:// 		lastSec2-=dataQueue.Peek().value2;
        -:   95:// 		dataQueue.Pop();
        -:   96:// 	}
        -:   97:// }
function SLNet::BPSTracker::ClearExpired1(unsigned long) called 0 returned 0% blocks executed 0%
    #####:   98:void BPSTracker::ClearExpired1(SLNet::TimeUS time)
        -:   99:{
    #####:  100:	while (dataQueue.IsEmpty()==false &&
    %%%%%:  100-block  0
    %%%%%:  100-block  1
call    0 never executed
branch  1 never executed (fallthrough)
branch  2 never executed
    %%%%%:  100-block  2
    %%%%%:  100-block  3
        -:  101:#if CC_TIME_TYPE_BYTES==8
    #####:  102:		dataQueue.Peek().time+1000000 < time
    %%%%%:  102-block  0
call    0 never executed
branch  1 never executed (fallthrough)
branch  2 never executed
    %%%%%:  102-block  1
branch  3 never executed (fallthrough)
branch  4 never executed
    %%%%%:  102-block  2
call    5 never executed
    %%%%%:  102-block  3
branch  6 never executed
branch  7 never executed (fallthrough)
        -:  103:#else
        -:  104:		dataQueue.Peek().time+1000 < time
        -:  105:#endif
        -:  106:		)
        -:  107:	{
    #####:  108:		lastSec1-=dataQueue.Peek().value1;
    %%%%%:  108-block  0
call    0 never executed
call    1 never executed
    #####:  109:		dataQueue.Pop();
call    0 never executed
call    1 never executed
        -:  110:	}
    #####:  111:}
        -:  112:
        -:  113:struct DatagramHeaderFormat
        -:  114:{
        -:  115:#if INCLUDE_TIMESTAMP_WITH_DATAGRAMS==1
        -:  116:	CCTimeType sourceSystemTime;
        -:  117:#endif
        -:  118:	DatagramSequenceNumberType datagramNumber;
        -:  119:
        -:  120:	// Use floats to save bandwidth
        -:  121:	//	float B; // Link capacity
        -:  122:	float AS; // Data arrival rate
        -:  123:	bool isACK;
        -:  124:	bool isNAK;
        -:  125:	bool isPacketPair;
        -:  126:	bool hasBAndAS;
        -:  127:	bool isContinuousSend;
        -:  128:	bool needsBAndAs;
        -:  129:	bool isValid; // To differentiate between what I serialized, and offline data
        -:  130:
        -:  131:	static BitSize_t GetDataHeaderBitLength()
        -:  132:	{
        -:  133:		return BYTES_TO_BITS(GetDataHeaderByteLength());
        -:  134:	}
        -:  135:
function DatagramHeaderFormat::GetDataHeaderByteLength() called 0 returned 0% blocks executed 0%
    #####:  136:	static unsigned int GetDataHeaderByteLength()
        -:  137:	{
        -:  138:		//return 2 + 3 + sizeof(SLNet::TimeMS) + sizeof(float)*2;
        -:  139:		return 2 + 3 +
        -:  140:#if INCLUDE_TIMESTAMP_WITH_DATAGRAMS==1
        -:  141:			sizeof(RakNetTimeMS) +
        -:  142:#endif
    #####:  143:			sizeof(float)*1;
    %%%%%:  143-block  0
        -:  144:	}
        -:  145:
function DatagramHeaderFormat::Serialize(SLNet::BitStream*) called 0 returned 0% blocks executed 0%
    #####:  146:	void Serialize(SLNet::BitStream *b)
        -:  147:	{
        -:  148:		// Not endian safe
        -:  149:		//		RakAssert(GetDataHeaderByteLength()==sizeof(DatagramHeaderFormat));
        -:  150:		//		b->WriteAlignedBytes((const unsigned char*) this, sizeof(DatagramHeaderFormat));
        -:  151:		//		return;
        -:  152:
    #####:  153:		b->Write(true); // IsValid
    %%%%%:  153-block  0
call    0 never executed
branch  1 never executed (fallthrough)
branch  2 never executed (throw)
    $$$$$:  153-block  1
call    3 never executed
    #####:  154:		if (isACK)
    %%%%%:  154-block  0
branch  0 never executed (fallthrough)
branch  1 never executed
        -:  155:		{
    #####:  156:			b->Write(true);
    %%%%%:  156-block  0
call    0 never executed
branch  1 never executed (fallthrough)
branch  2 never executed (throw)
    $$$$$:  156-block  1
call    3 never executed
    #####:  157:			b->Write(hasBAndAS);
    %%%%%:  157-block  0
call    0 never executed
    #####:  158:			b->AlignWriteToByteBoundary();
call    0 never executed
        -:  159:#if INCLUDE_TIMESTAMP_WITH_DATAGRAMS==1
        -:  160:			SLNet::TimeMS timeMSLow=(SLNet::TimeMS) sourceSystemTime&0xFFFFFFFF; b->Write(timeMSLow);
        -:  161:#endif
    #####:  162:			if (hasBAndAS)
branch  0 never executed (fallthrough)
branch  1 never executed
        -:  163:			{
        -:  164:				//		b->Write(B);
    #####:  165:				b->Write(AS);
    %%%%%:  165-block  0
call    0 never executed
        -:  166:			}
        -:  167:		}
    #####:  168:		else if (isNAK)
    %%%%%:  168-block  0
branch  0 never executed (fallthrough)
branch  1 never executed
        -:  169:		{
    #####:  170:			b->Write(false);
    %%%%%:  170-block  0
call    0 never executed
branch  1 never executed (fallthrough)
branch  2 never executed (throw)
    $$$$$:  170-block  1
call    3 never executed
    #####:  171:			b->Write(true);
    %%%%%:  171-block  0
call    0 never executed
branch  1 never executed (fallthrough)
branch  2 never executed (throw)
    %%%%%:  171-block  1
    $$$$$:  171-block  2
call    3 never executed
        -:  172:		}
        -:  173:		else
        -:  174:		{
    #####:  175:			b->Write(false);
    %%%%%:  175-block  0
call    0 never executed
branch  1 never executed (fallthrough)
branch  2 never executed (throw)
    $$$$$:  175-block  1
call    3 never executed
    #####:  176:			b->Write(false);
    %%%%%:  176-block  0
call    0 never executed
branch  1 never executed (fallthrough)
branch  2 never executed (throw)
    #####:  177:			b->Write(isPacketPair);
    %%%%%:  177-block  0
call    0 never executed
    #####:  178:			b->Write(isContinuousSend);
call    0 never executed
    #####:  179:			b->Write(needsBAndAs);
call    0 never executed
    #####:  180:			b->AlignWriteToByteBoundary();
call    0 never executed
        -:  181:#if INCLUDE_TIMESTAMP_WITH_DATAGRAMS==1
        -:  182:			SLNet::TimeMS timeMSLow=(SLNet::TimeMS) sourceSystemTime&0xFFFFFFFF; b->Write(timeMSLow);
        -:  183:#endif
    #####:  184:			b->Write(datagramNumber);
call    0 never executed
        -:  185:		}
    #####:  186:	}
    %%%%%:  186-block  0
function DatagramHeaderFormat::Deserialize(SLNet::BitStream*) called 0 returned 0% blocks executed 0%
    #####:  187:	void Deserialize(SLNet::BitStream *b)
        -:  188:	{
        -:  189:		// Not endian safe
        -:  190:		//		b->ReadAlignedBytes((unsigned char*) this, sizeof(DatagramHeaderFormat));
        -:  191:		//		return;
        -:  192:
    #####:  193:		b->Read(isValid);
    %%%%%:  193-block  0
call    0 never executed
    #####:  194:		b->Read(isACK);
call    0 never executed
    #####:  195:		if (isACK)
branch  0 never executed (fallthrough)
branch  1 never executed
        -:  196:		{
    #####:  197:			isNAK=false;
    #####:  198:			isPacketPair=false;
    #####:  199:			b->Read(hasBAndAS);
    %%%%%:  199-block  0
call    0 never executed
    #####:  200:			b->AlignReadToByteBoundary();
call    0 never executed
        -:  201:#if INCLUDE_TIMESTAMP_WITH_DATAGRAMS==1
        -:  202:			SLNet::TimeMS timeMS; b->Read(timeMS); sourceSystemTime=(CCTimeType) timeMS;
        -:  203:#endif
    #####:  204:			if (hasBAndAS)
branch  0 never executed (fallthrough)
branch  1 never executed
        -:  205:			{
        -:  206:				//			b->Read(B);
    #####:  207:				b->Read(AS);
    %%%%%:  207-block  0
call    0 never executed
        -:  208:			}
        -:  209:		}
        -:  210:		else
        -:  211:		{
    #####:  212:			b->Read(isNAK);
    %%%%%:  212-block  0
call    0 never executed
    #####:  213:			if (isNAK)
branch  0 never executed (fallthrough)
branch  1 never executed
        -:  214:			{
    #####:  215:				isPacketPair=false;
    %%%%%:  215-block  0
        -:  216:			}
        -:  217:			else
        -:  218:			{
    #####:  219:				b->Read(isPacketPair);
    %%%%%:  219-block  0
call    0 never executed
    #####:  220:				b->Read(isContinuousSend);
call    0 never executed
    #####:  221:				b->Read(needsBAndAs);
call    0 never executed
    #####:  222:				b->AlignReadToByteBoundary();
call    0 never executed
        -:  223:#if INCLUDE_TIMESTAMP_WITH_DATAGRAMS==1
        -:  224:				SLNet::TimeMS timeMS; b->Read(timeMS); sourceSystemTime=(CCTimeType) timeMS;
        -:  225:#endif
    #####:  226:				b->Read(datagramNumber);
call    0 never executed
        -:  227:			}
        -:  228:		}
    #####:  229:	}
        -:  230:};
        -:  231:
        -:  232:#ifdef _WIN32
        -:  233://#define _DEBUG_LOGGER
        -:  234:#ifdef _DEBUG_LOGGER
        -:  235:#include "slikenet/WindowsIncludes.h"
        -:  236:#endif
        -:  237:#endif
        -:  238:
        -:  239://#define DEBUG_SPLIT_PACKET_PROBLEMS
        -:  240:#if defined (DEBUG_SPLIT_PACKET_PROBLEMS)
        -:  241:static int waitFlag=-1;
        -:  242:#endif
        -:  243:
        -:  244:using namespace SLNet;
        -:  245:
function SLNet::SplitPacketChannelComp(unsigned short const&, SLNet::SplitPacketChannel* const&) called 0 returned 0% blocks executed 0%
    #####:  246:int SLNet::SplitPacketChannelComp( SplitPacketIdType const &key, SplitPacketChannel* const &data )
        -:  247:{
        -:  248:#if PREALLOCATE_LARGE_MESSAGES==1
        -:  249:	if (key < data->returnedPacket->splitPacketId)
        -:  250:		return -1;
        -:  251:	if (key == data->returnedPacket->splitPacketId)
        -:  252:		return 0;
        -:  253:#else
    #####:  254:	if (key < data->splitPacketList[0]->splitPacketId)
    %%%%%:  254-block  0
call    0 never executed
branch  1 never executed (fallthrough)
branch  2 never executed
    #####:  255:		return -1;
    %%%%%:  255-block  0
    #####:  256:	if (key == data->splitPacketList[0]->splitPacketId)
    %%%%%:  256-block  0
call    0 never executed
branch  1 never executed (fallthrough)
branch  2 never executed
    #####:  257:		return 0;
    %%%%%:  257-block  0
        -:  258:#endif
    #####:  259:	return 1;
    %%%%%:  259-block  0
        -:  260:}
        -:  261:
        -:  262:// DEFINE_MULTILIST_PTR_TO_MEMBER_COMPARISONS( InternalPacket, SplitPacketIndexType, splitPacketIndex )
        -:  263:/*
        -:  264:bool operator<( const DataStructures::MLKeyRef<SplitPacketIndexType> &inputKey, const InternalPacket *cls )
        -:  265:{
        -:  266:	return inputKey.Get() < cls->splitPacketIndex;
        -:  267:}
        -:  268:bool operator>( const DataStructures::MLKeyRef<SplitPacketIndexType> &inputKey, const InternalPacket *cls )
        -:  269:{
        -:  270:	return inputKey.Get() > cls->splitPacketIndex;
        -:  271:}
        -:  272:bool operator==( const DataStructures::MLKeyRef<SplitPacketIndexType> &inputKey, const InternalPacket *cls )
        -:  273:{
        -:  274:	return inputKey.Get() == cls->splitPacketIndex;
        -:  275:}
        -:  276:/// Semi-hack: This is necessary to call Sort()
        -:  277:bool operator<( const DataStructures::MLKeyRef<InternalPacket *> &inputKey, const InternalPacket *cls )
        -:  278:{
        -:  279:	return inputKey.Get()->splitPacketIndex < cls->splitPacketIndex;
        -:  280:}
        -:  281:bool operator>( const DataStructures::MLKeyRef<InternalPacket *> &inputKey, const InternalPacket *cls )
        -:  282:{
        -:  283:	return inputKey.Get()->splitPacketIndex > cls->splitPacketIndex;
        -:  284:}
        -:  285:bool operator==( const DataStructures::MLKeyRef<InternalPacket *> &inputKey, const InternalPacket *cls )
        -:  286:{
        -:  287:	return inputKey.Get()->splitPacketIndex == cls->splitPacketIndex;
        -:  288:}
        -:  289:*/
        -:  290:
function SplitPacketIndexComp(unsigned int const&, SLNet::InternalPacket* const&) called 0 returned 0% blocks executed 0%
    #####:  291:int SplitPacketIndexComp( SplitPacketIndexType const &key, InternalPacket* const &data )
        -:  292:{
    #####:  293:if (key < data->splitPacketIndex)
    %%%%%:  293-block  0
branch  0 never executed (fallthrough)
branch  1 never executed
    #####:  294:return -1;
    %%%%%:  294-block  0
    #####:  295:if (key == data->splitPacketIndex)
    %%%%%:  295-block  0
branch  0 never executed (fallthrough)
branch  1 never executed
    #####:  296:return 0;
    %%%%%:  296-block  0
    #####:  297:return 1;
    %%%%%:  297-block  0
        -:  298:}
        -:  299:
        -:  300://-------------------------------------------------------------------------------------------------------
        -:  301:// Constructor
        -:  302://-------------------------------------------------------------------------------------------------------
        -:  303:// Add 21 to the default MTU so if we encrypt it can hold potentially 21 more bytes of extra data + padding.
function SLNet::ReliabilityLayer::ReliabilityLayer() called 0 returned 0% blocks executed 0%
    #####:  304:ReliabilityLayer::ReliabilityLayer()
    %%%%%:  304-block  0
call    0 never executed
call    1 never executed
call    2 never executed
call    3 never executed
call    4 never executed
call    5 never executed
call    6 never executed
branch  7 never executed (fallthrough)
branch  8 never executed (throw)
    %%%%%:  304-block  1
call    9 never executed
branch 10 never executed (fallthrough)
branch 11 never executed (throw)
    %%%%%:  304-block  2
call   12 never executed
call   13 never executed
    %%%%%:  304-block  3
call   14 never executed
    %%%%%:  304-block  4
branch 15 never executed
branch 16 never executed (fallthrough)
    %%%%%:  304-block  5
    %%%%%:  304-block  6
call   17 never executed
    %%%%%:  304-block  7
branch 18 never executed
branch 19 never executed (fallthrough)
    %%%%%:  304-block  8
    %%%%%:  304-block  9
call   20 never executed
    %%%%%:  304-block 10
branch 21 never executed
branch 22 never executed (fallthrough)
    %%%%%:  304-block 11
    %%%%%:  304-block 12
call   23 never executed
    %%%%%:  304-block 13
branch 24 never executed
branch 25 never executed (fallthrough)
    %%%%%:  304-block 14
    %%%%%:  304-block 15
call   26 never executed
branch 27 never executed (fallthrough)
branch 28 never executed (throw)
    %%%%%:  304-block 16
    %%%%%:  304-block 17
branch 29 never executed
branch 30 never executed (fallthrough)
    %%%%%:  304-block 18
    %%%%%:  304-block 19
call   31 never executed
    %%%%%:  304-block 20
branch 32 never executed
branch 33 never executed (fallthrough)
    %%%%%:  304-block 21
call   34 never executed
call   35 never executed
call   36 never executed
branch 37 never executed (fallthrough)
branch 38 never executed (throw)
    %%%%%:  304-block 22
call   39 never executed
call   40 never executed
call   41 never executed
call   42 never executed
call   43 never executed
call   44 never executed
branch 45 never executed (fallthrough)
branch 46 never executed (throw)
    %%%%%:  304-block 23
call   47 never executed
branch 48 never executed (fallthrough)
branch 49 never executed (throw)
    %%%%%:  304-block 24
call   50 never executed
branch 51 never executed (fallthrough)
branch 52 never executed (throw)
    %%%%%:  304-block 25
call   53 never executed
    %%%%%:  304-block 26
call   54 never executed
branch 55 never executed (fallthrough)
branch 56 never executed (throw)
    %%%%%:  304-block 27
    %%%%%:  304-block 28
branch 57 never executed
branch 58 never executed (fallthrough)
    $$$$$:  304-block 29
branch 59 never executed (fallthrough)
branch 60 never executed
    $$$$$:  304-block 30
    $$$$$:  304-block 31
branch 61 never executed (fallthrough)
branch 62 never executed
    $$$$$:  304-block 32
call   63 never executed
    $$$$$:  304-block 33
branch 64 never executed (fallthrough)
branch 65 never executed
    $$$$$:  304-block 34
    $$$$$:  304-block 35
branch 66 never executed (fallthrough)
branch 67 never executed
    $$$$$:  304-block 36
call   68 never executed
    $$$$$:  304-block 37
branch 69 never executed (fallthrough)
branch 70 never executed
    $$$$$:  304-block 38
    $$$$$:  304-block 39
call   71 never executed
    $$$$$:  304-block 40
branch 72 never executed (fallthrough)
branch 73 never executed
    $$$$$:  304-block 41
    $$$$$:  304-block 42
call   74 never executed
        -:  305:{
        -:  306:
        -:  307:#ifdef _DEBUG
        -:  308:	// Wait longer to disconnect in debug so I don't get disconnected while tracing
        -:  309:	timeoutTime=30000;
        -:  310:#else
    #####:  311:	timeoutTime=10000;
        -:  312:#endif
        -:  313:
        -:  314:#ifdef _DEBUG
        -:  315:	minExtraPing=extraPingVariance=0;
        -:  316:	packetloss=(double) minExtraPing;	
        -:  317:#endif
        -:  318:
        -:  319:
        -:  320:#ifdef PRINT_TO_FILE_RELIABLE_ORDERED_TEST
        -:  321:	if (fp==0 && 0)
        -:  322:	{
        -:  323:		fopen_s(&fp, "reliableorderedoutput.txt", "wt");
        -:  324:	}
        -:  325:#endif
        -:  326:
    #####:  327:	InitializeVariables();
    %%%%%:  327-block  0
call    0 never executed
branch  1 never executed (fallthrough)
branch  2 never executed (throw)
        -:  328://int i = sizeof(InternalPacket);
    #####:  329:	datagramHistoryMessagePool.SetPageSize(sizeof(MessageNumberNode)*128);
    %%%%%:  329-block  0
call    0 never executed
    #####:  330:	internalPacketPool.SetPageSize(sizeof(InternalPacket)*INTERNAL_PACKET_PAGE_SIZE);
call    0 never executed
    #####:  331:	refCountedDataPool.SetPageSize(sizeof(InternalPacketRefCountedData)*32);
call    0 never executed
    #####:  332:}
    $$$$$:  332-block  0
branch  0 never executed (fallthrough)
branch  1 never executed
    $$$$$:  332-block  1
call    2 never executed
    $$$$$:  332-block  2
call    3 never executed
    $$$$$:  332-block  3
call    4 never executed
    $$$$$:  332-block  4
call    5 never executed
    $$$$$:  332-block  5
call    6 never executed
    $$$$$:  332-block  6
call    7 never executed
    $$$$$:  332-block  7
call    8 never executed
    $$$$$:  332-block  8
call    9 never executed
    $$$$$:  332-block  9
call   10 never executed
    $$$$$:  332-block 10
call   11 never executed
    $$$$$:  332-block 11
call   12 never executed
    $$$$$:  332-block 12
branch 13 never executed (fallthrough)
branch 14 never executed
    $$$$$:  332-block 13
call   15 never executed
    $$$$$:  332-block 14
call   16 never executed
    $$$$$:  332-block 15
call   17 never executed
    $$$$$:  332-block 16
call   18 never executed
    $$$$$:  332-block 17
call   19 never executed
    $$$$$:  332-block 18
call   20 never executed
    $$$$$:  332-block 19
call   21 never executed
        -:  333:
        -:  334://-------------------------------------------------------------------------------------------------------
        -:  335:// Destructor
        -:  336://-------------------------------------------------------------------------------------------------------
function SLNet::ReliabilityLayer::~ReliabilityLayer() called 0 returned 0% blocks executed 0%
    #####:  337:ReliabilityLayer::~ReliabilityLayer()
branch  0 never executed (fallthrough)
branch  1 never executed
    %%%%%:  337-block  0
    %%%%%:  337-block  1
call    2 never executed
branch  3 never executed (fallthrough)
branch  4 never executed
    %%%%%:  337-block  2
    %%%%%:  337-block  3
call    5 never executed
        -:  338:{
    #####:  339:	FreeMemory( true ); // Free all memory immediately
    %%%%%:  339-block  0
call    0 never executed
    #####:  340:}
    %%%%%:  340-block  0
branch  0 never executed (fallthrough)
branch  1 never executed
    %%%%%:  340-block  1
call    2 never executed
call    3 never executed
call    4 never executed
call    5 never executed
call    6 never executed
call    7 never executed
call    8 never executed
call    9 never executed
call   10 never executed
call   11 never executed
call   12 never executed
    %%%%%:  340-block  2
branch 13 never executed (fallthrough)
branch 14 never executed
    %%%%%:  340-block  3
call   15 never executed
call   16 never executed
call   17 never executed
call   18 never executed
call   19 never executed
call   20 never executed
call   21 never executed
        -:  341://-------------------------------------------------------------------------------------------------------
        -:  342:// Resets the layer for reuse
        -:  343://-------------------------------------------------------------------------------------------------------
function SLNet::ReliabilityLayer::Reset(bool, int, bool) called 0 returned 0% blocks executed 0%
    #####:  344:void ReliabilityLayer::Reset( bool resetVariables, int MTUSize, bool _useSecurity )
        -:  345:{
        -:  346:
    #####:  347:	FreeMemory( true ); // true because making a memory reset pending in the update cycle causes resets after reconnects.  Instead, just call Reset from a single thread
    %%%%%:  347-block  0
call    0 never executed
    #####:  348:	if (resetVariables)
branch  0 never executed (fallthrough)
branch  1 never executed
        -:  349:	{
    #####:  350:		InitializeVariables();
    %%%%%:  350-block  0
call    0 never executed
        -:  351:
        -:  352:#if LIBCAT_SECURITY==1
        -:  353:		useSecurity = _useSecurity;
        -:  354:
        -:  355:		if (_useSecurity)
        -:  356:			MTUSize -= cat::AuthenticatedEncryption::OVERHEAD_BYTES;
        -:  357:#else
        -:  358:		(void) _useSecurity;
        -:  359:#endif // LIBCAT_SECURITY
    #####:  360:		congestionManager.Init(SLNet::GetTimeUS(), MTUSize - UDP_HEADER_SIZE);
call    0 never executed
call    1 never executed
        -:  361:	}
    #####:  362:}
        -:  363:
        -:  364://-------------------------------------------------------------------------------------------------------
        -:  365:// Set the time, in MS, to use before considering ourselves disconnected after not being able to deliver a reliable packet
        -:  366://-------------------------------------------------------------------------------------------------------
function SLNet::ReliabilityLayer::SetTimeoutTime(unsigned int) called 0 returned 0% blocks executed 0%
    #####:  367:void ReliabilityLayer::SetTimeoutTime(SLNet::TimeMS time )
        -:  368:{
    #####:  369:	timeoutTime=time;
    #####:  370:}
        -:  371:
        -:  372://-------------------------------------------------------------------------------------------------------
        -:  373:// Returns the value passed to SetTimeoutTime. or the default if it was never called
        -:  374://-------------------------------------------------------------------------------------------------------
function SLNet::ReliabilityLayer::GetTimeoutTime() called 0 returned 0% blocks executed 0%
    #####:  375:SLNet::TimeMS ReliabilityLayer::GetTimeoutTime(void)
        -:  376:{
    #####:  377:	return timeoutTime;
    %%%%%:  377-block  0
        -:  378:}
        -:  379:
        -:  380://-------------------------------------------------------------------------------------------------------
        -:  381:// Initialize the variables
        -:  382://-------------------------------------------------------------------------------------------------------
function SLNet::ReliabilityLayer::InitializeVariables() called 0 returned 0% blocks executed 0%
    #####:  383:void ReliabilityLayer::InitializeVariables( void )
        -:  384:{
    #####:  385:	memset( orderedWriteIndex, 0, NUMBER_OF_ORDERED_STREAMS * sizeof(OrderingIndexType));
    #####:  386:	memset( sequencedWriteIndex, 0, NUMBER_OF_ORDERED_STREAMS * sizeof(OrderingIndexType) );
    #####:  387:	memset( orderedReadIndex, 0, NUMBER_OF_ORDERED_STREAMS * sizeof(OrderingIndexType) );
    #####:  388:	memset( highestSequencedReadIndex, 0, NUMBER_OF_ORDERED_STREAMS * sizeof(OrderingIndexType) );
    #####:  389:	memset( &statistics, 0, sizeof( statistics ) );
    #####:  390:	memset( &heapIndexOffsets, 0, sizeof( heapIndexOffsets ) );
        -:  391:	
    #####:  392:	statistics.connectionStartTime = SLNet::GetTimeUS();
    %%%%%:  392-block  0
call    0 never executed
    #####:  393:	splitPacketId = 0;
    #####:  394:	elapsedTimeSinceLastUpdate=0;
    #####:  395:	throughputCapCountdown=0;
    #####:  396:	sendReliableMessageNumberIndex = 0;
call    0 never executed
    #####:  397:	internalOrderIndex=0;
call    0 never executed
    #####:  398:	timeToNextUnreliableCull=0;
    #####:  399:	unreliableLinkedListHead=0;
    #####:  400:	lastUpdateTime= SLNet::GetTimeUS();
call    0 never executed
    #####:  401:	bandwidthExceededStatistic=false;
    #####:  402:	remoteSystemTime=0;
    #####:  403:	unreliableTimeout=0;
    #####:  404:	lastBpsClear=0;
        -:  405:
        -:  406:	// Disable packet pairs
    #####:  407:	countdownToNextPacketPair=15;
        -:  408:
    #####:  409:	nextAllowedThroughputSample=0;
    #####:  410:	deadConnection = cheater = false;
    #####:  411:	timeOfLastContinualSend=0;
        -:  412:
        -:  413:	// timeResendQueueNonEmpty = 0;
    #####:  414:	timeLastDatagramArrived= SLNet::GetTimeMS();
call    0 never executed
        -:  415:	//	packetlossThisSample=false;
        -:  416:	//	backoffThisSample=0;
        -:  417:	//	packetlossThisSampleResendCount=0;
        -:  418:	//	lastPacketlossTime=0;
    #####:  419:	statistics.messagesInResendBuffer=0;
    #####:  420:	statistics.bytesInResendBuffer=0;
        -:  421:
    #####:  422:	receivedPacketsBaseIndex=0;
call    0 never executed
    #####:  423:	resetReceivedPackets=true;
    #####:  424:	receivePacketCount=0; 
        -:  425:
        -:  426:	//	SetPing( 1000 );
        -:  427:
    #####:  428:	timeBetweenPackets=STARTING_TIME_BETWEEN_PACKETS;
        -:  429:
    #####:  430:	ackPingIndex=0;
    #####:  431:	ackPingSum=(CCTimeType)0;
        -:  432:
    #####:  433:	nextSendTime=lastUpdateTime;
        -:  434:	//nextLowestPingReset=(CCTimeType)0;
        -:  435:	//	continuousSend=false;
        -:  436:
        -:  437:	//	histogramStart=(CCTimeType)0;
        -:  438:	//	histogramBitsSent=0;
    #####:  439:	unacknowledgedBytes=0;
    #####:  440:	resendLinkedListHead=0;
    #####:  441:	totalUserDataBytesAcked=0;
        -:  442:
    #####:  443:	datagramHistoryPopCount=0;
call    0 never executed
        -:  444:
    #####:  445:	InitHeapWeights();
call    0 never executed
    #####:  446:	for (int i=0; i < NUMBER_OF_PRIORITIES; i++)
    %%%%%:  446-block  0
branch  0 never executed
branch  1 never executed (fallthrough)
        -:  447:	{
    #####:  448:		statistics.messageInSendBuffer[i]=0;
    #####:  449:		statistics.bytesInSendBuffer[i]=0.0;
    %%%%%:  449-block  0
        -:  450:	}
        -:  451:
    #####:  452:	for (int i=0; i < RNS_PER_SECOND_METRICS_COUNT; i++)
    %%%%%:  452-block  0
    %%%%%:  452-block  1
branch  0 never executed
branch  1 never executed (fallthrough)
        -:  453:	{
    #####:  454:		bpsMetrics[i].Reset(_FILE_AND_LINE_);
    %%%%%:  454-block  0
call    0 never executed
        -:  455:	}
    #####:  456:}
        -:  457:
        -:  458://-------------------------------------------------------------------------------------------------------
        -:  459:// Frees all allocated memory
        -:  460://-------------------------------------------------------------------------------------------------------
function SLNet::ReliabilityLayer::FreeMemory(bool) called 0 returned 0% blocks executed 0%
    #####:  461:void ReliabilityLayer::FreeMemory( bool freeAllImmediately )
        -:  462:{
        -:  463:	(void) freeAllImmediately;
    #####:  464:	FreeThreadSafeMemory();
    %%%%%:  464-block  0
call    0 never executed
    #####:  465:}
        -:  466:
function SLNet::ReliabilityLayer::FreeThreadSafeMemory() called 0 returned 0% blocks executed 0%
    #####:  467:void ReliabilityLayer::FreeThreadSafeMemory( void )
        -:  468:{
        -:  469:	unsigned i,j;
        -:  470:	InternalPacket *internalPacket;
        -:  471:
    #####:  472:	ClearPacketsAndDatagrams();
    %%%%%:  472-block  0
call    0 never executed
        -:  473:
    #####:  474:	for (i=0; i < splitPacketChannelList.Size(); i++)
    %%%%%:  474-block  0
call    0 never executed
branch  1 never executed
branch  2 never executed (fallthrough)
        -:  475:	{
    #####:  476:		for (j=0; j < splitPacketChannelList[i]->splitPacketList.Size(); j++)
    %%%%%:  476-block  0
    %%%%%:  476-block  1
call    0 never executed
call    1 never executed
branch  2 never executed
branch  3 never executed (fallthrough)
        -:  477:		{
    #####:  478:			FreeInternalPacketData(splitPacketChannelList[i]->splitPacketList[j], _FILE_AND_LINE_ );
    %%%%%:  478-block  0
call    0 never executed
call    1 never executed
call    2 never executed
    #####:  479:			ReleaseToInternalPacketPool( splitPacketChannelList[i]->splitPacketList[j] );
call    0 never executed
call    1 never executed
call    2 never executed
        -:  480:		}
        -:  481:#if PREALLOCATE_LARGE_MESSAGES==1
        -:  482:		if (splitPacketChannelList[i]->returnedPacket)
        -:  483:		{
        -:  484:			FreeInternalPacketData(splitPacketChannelList[i]->returnedPacket, __FILE__, __LINE__ );
        -:  485:			ReleaseToInternalPacketPool( splitPacketChannelList[i]->returnedPacket );
        -:  486:		}
        -:  487:#endif
    #####:  488:		SLNet::OP_DELETE(splitPacketChannelList[i], __FILE__, __LINE__);
    %%%%%:  488-block  0
call    0 never executed
call    1 never executed
        -:  489:	}
    #####:  490:	splitPacketChannelList.Clear(false, _FILE_AND_LINE_);
    %%%%%:  490-block  0
call    0 never executed
        -:  491:
    #####:  492:	while ( outputQueue.Size() > 0 )
    %%%%%:  492-block  0
call    0 never executed
branch  1 never executed
branch  2 never executed (fallthrough)
        -:  493:	{
    #####:  494:		internalPacket = outputQueue.Pop();
    %%%%%:  494-block  0
call    0 never executed
    #####:  495:		FreeInternalPacketData(internalPacket, _FILE_AND_LINE_ );
call    0 never executed
    #####:  496:		ReleaseToInternalPacketPool( internalPacket );
call    0 never executed
        -:  497:	}
        -:  498:
    #####:  499:	outputQueue.ClearAndForceAllocation( 32, _FILE_AND_LINE_ );
    %%%%%:  499-block  0
call    0 never executed
        -:  500:
        -:  501:	/*
        -:  502:	for ( i = 0; i < orderingList.Size(); i++ )
        -:  503:	{
        -:  504:		if ( orderingList[ i ] )
        -:  505:		{
        -:  506:			DataStructures::LinkedList<InternalPacket*>* theList = orderingList[ i ];
        -:  507:
        -:  508:			if ( theList )
        -:  509:			{
        -:  510:				while ( theList->Size() )
        -:  511:				{
        -:  512:					internalPacket = orderingList[ i ]->Pop();
        -:  513:					FreeInternalPacketData(internalPacket, _FILE_AND_LINE_ );
        -:  514:					ReleaseToInternalPacketPool( internalPacket );
        -:  515:				}
        -:  516:
        -:  517:				SLNet::OP_DELETE(theList, _FILE_AND_LINE_);
        -:  518:			}
        -:  519:		}
        -:  520:	}
        -:  521:
        -:  522:	orderingList.Clear(false, _FILE_AND_LINE_);
        -:  523:	*/
        -:  524:
    #####:  525:	for (i=0; i < NUMBER_OF_ORDERED_STREAMS; i++)
    %%%%%:  525-block  0
branch  0 never executed
branch  1 never executed (fallthrough)
        -:  526:	{
    #####:  527:		for (j=0; j < orderingHeaps[i].Size(); j++)
    %%%%%:  527-block  0
    %%%%%:  527-block  1
call    0 never executed
branch  1 never executed
branch  2 never executed (fallthrough)
        -:  528:		{
    #####:  529:			FreeInternalPacketData(orderingHeaps[i][j], _FILE_AND_LINE_ );
    %%%%%:  529-block  0
call    0 never executed
call    1 never executed
    #####:  530:			ReleaseToInternalPacketPool( orderingHeaps[i][j] );
call    0 never executed
call    1 never executed
        -:  531:		}
    #####:  532:		orderingHeaps[i].Clear(true, _FILE_AND_LINE_);
    %%%%%:  532-block  0
call    0 never executed
        -:  533:	}
        -:  534:
        -:  535:	//resendList.ForEachData(DeleteInternalPacket);
        -:  536:	//	resendTree.Clear(_FILE_AND_LINE_);
    #####:  537:	memset(resendBuffer, 0, sizeof(resendBuffer));
    #####:  538:	statistics.messagesInResendBuffer=0;
    #####:  539:	statistics.bytesInResendBuffer=0;
        -:  540:
    #####:  541:	if (resendLinkedListHead)
    %%%%%:  541-block  0
branch  0 never executed (fallthrough)
branch  1 never executed
        -:  542:	{
        -:  543:		InternalPacket *prev;
    #####:  544:		InternalPacket *iter = resendLinkedListHead;
    %%%%%:  544-block  0
        -:  545:
        -:  546:		for(;;)
        -:  547:		{
    #####:  548:			if (iter->data)
    %%%%%:  548-block  0
branch  0 never executed (fallthrough)
branch  1 never executed
    #####:  549:				FreeInternalPacketData(iter, _FILE_AND_LINE_ );
    %%%%%:  549-block  0
call    0 never executed
    #####:  550:			prev=iter;
    #####:  551:			iter=iter->resendNext;
    #####:  552:			if (iter==resendLinkedListHead)
    %%%%%:  552-block  0
branch  0 never executed (fallthrough)
branch  1 never executed
        -:  553:			{
    #####:  554:				ReleaseToInternalPacketPool(prev);
    %%%%%:  554-block  0
call    0 never executed
    #####:  555:				break;
        -:  556:			}
    #####:  557:			ReleaseToInternalPacketPool(prev);
    %%%%%:  557-block  0
call    0 never executed
        -:  558:		}
    #####:  559:		resendLinkedListHead=0;
    %%%%%:  559-block  0
        -:  560:	}
    #####:  561:	unacknowledgedBytes=0;
        -:  562:
        -:  563:	//	acknowlegements.Clear(_FILE_AND_LINE_);
        -:  564:
    #####:  565:	for ( j=0 ; j < outgoingPacketBuffer.Size(); j++ )
    %%%%%:  565-block  0
    %%%%%:  565-block  1
call    0 never executed
branch  1 never executed
branch  2 never executed (fallthrough)
        -:  566:	{
    #####:  567:		if ( outgoingPacketBuffer[ j ]->data)
    %%%%%:  567-block  0
call    0 never executed
branch  1 never executed (fallthrough)
branch  2 never executed
    #####:  568:			FreeInternalPacketData( outgoingPacketBuffer[ j ], _FILE_AND_LINE_ );
    %%%%%:  568-block  0
call    0 never executed
call    1 never executed
    #####:  569:		ReleaseToInternalPacketPool( outgoingPacketBuffer[ j ] );
    %%%%%:  569-block  0
call    0 never executed
call    1 never executed
        -:  570:	}
        -:  571:
    #####:  572:	outgoingPacketBuffer.Clear(true, _FILE_AND_LINE_);
    %%%%%:  572-block  0
call    0 never executed
        -:  573:
        -:  574:#ifdef _DEBUG
        -:  575:	for (i = 0; i < delayList.Size(); i++ )
        -:  576:		SLNet::OP_DELETE(delayList[ i ], __FILE__, __LINE__);
        -:  577:	delayList.Clear(__FILE__, __LINE__);
        -:  578:#endif
        -:  579:
    #####:  580:    unreliableWithAckReceiptHistory.Clear(false, _FILE_AND_LINE_);
call    0 never executed
        -:  581:
    #####:  582:	packetsToSendThisUpdate.Clear(false, _FILE_AND_LINE_);
call    0 never executed
    #####:  583:	packetsToSendThisUpdate.Preallocate(512, _FILE_AND_LINE_);
call    0 never executed
    #####:  584:	packetsToDeallocThisUpdate.Clear(false, _FILE_AND_LINE_);
call    0 never executed
    #####:  585:	packetsToDeallocThisUpdate.Preallocate(512, _FILE_AND_LINE_);
call    0 never executed
    #####:  586:	packetsToSendThisUpdateDatagramBoundaries.Clear(false, _FILE_AND_LINE_);
call    0 never executed
    #####:  587:	packetsToSendThisUpdateDatagramBoundaries.Preallocate(128, _FILE_AND_LINE_);
call    0 never executed
    #####:  588:	datagramSizesInBytes.Clear(false, _FILE_AND_LINE_);
call    0 never executed
    #####:  589:	datagramSizesInBytes.Preallocate(128, _FILE_AND_LINE_);
call    0 never executed
        -:  590:
    #####:  591:	internalPacketPool.Clear(_FILE_AND_LINE_);
call    0 never executed
        -:  592:
    #####:  593:	refCountedDataPool.Clear(_FILE_AND_LINE_);
call    0 never executed
        -:  594:
        -:  595:	/*
        -:  596:	DataStructures::Page<DatagramSequenceNumberType, DatagramMessageIDList*, RESEND_TREE_ORDER> *cur = datagramMessageIDTree.GetListHead();
        -:  597:	while (cur)
        -:  598:	{
        -:  599:	int treeIndex;
        -:  600:	for (treeIndex=0; treeIndex < cur->size; treeIndex++)
        -:  601:	ReleaseToDatagramMessageIDPool(cur->data[treeIndex]);
        -:  602:	cur=cur->resendNext;
        -:  603:	}
        -:  604:	datagramMessageIDTree.Clear(_FILE_AND_LINE_);
        -:  605:	datagramMessageIDPool.Clear(_FILE_AND_LINE_);
        -:  606:	*/
        -:  607:
    #####:  608:	while (datagramHistory.Size())
    %%%%%:  608-block  0
call    0 never executed
branch  1 never executed
branch  2 never executed (fallthrough)
        -:  609:	{
    #####:  610:		RemoveFromDatagramHistory(datagramHistoryPopCount);
    %%%%%:  610-block  0
call    0 never executed
call    1 never executed
branch  2 never executed (fallthrough)
branch  3 never executed (throw)
    $$$$$:  610-block  1
call    4 never executed
    #####:  611:		datagramHistory.Pop();
    %%%%%:  611-block  0
call    0 never executed
    #####:  612:		datagramHistoryPopCount++;
call    0 never executed
branch  1 never executed (fallthrough)
branch  2 never executed (throw)
    %%%%%:  612-block  0
        -:  613:	}
    #####:  614:	datagramHistoryMessagePool.Clear(_FILE_AND_LINE_);
    %%%%%:  614-block  0
call    0 never executed
    #####:  615:	datagramHistoryPopCount=0;
call    0 never executed
        -:  616:
    #####:  617:	acknowlegements.Clear();
call    0 never executed
    #####:  618:	NAKs.Clear();
call    0 never executed
        -:  619:
    #####:  620:	unreliableLinkedListHead=0;
    #####:  621:}
        -:  622:
        -:  623://-------------------------------------------------------------------------------------------------------
        -:  624:// Packets are read directly from the socket layer and skip the reliability
        -:  625://layer  because unconnected players do not use the reliability layer
        -:  626:// This function takes packet data after a player has been confirmed as
        -:  627://connected.  The game should not use that data directly
        -:  628:// because some data is used internally, such as packet acknowledgment and
        -:  629://split packets
        -:  630://-------------------------------------------------------------------------------------------------------
function SLNet::ReliabilityLayer::HandleSocketReceiveFromConnectedPlayer(char const*, unsigned int, SLNet::SystemAddress&, DataStructures::List<SLNet::PluginInterface2*>&, int, SLNet::RakNetSocket2*, SLNet::RakNetRandom*, unsigned long, SLNet::BitStream&) called 0 returned 0% blocks executed 0%
    #####:  631:bool ReliabilityLayer::HandleSocketReceiveFromConnectedPlayer(
        -:  632:	const char *buffer, unsigned int length, SystemAddress &systemAddress, DataStructures::List<PluginInterface2*> &messageHandlerList, int MTUSize,
        -:  633:	RakNetSocket2 *s, RakNetRandom *rnr, CCTimeType timeRead,
        -:  634:	BitStream &updateBitStream)
        -:  635:{
        -:  636:#ifdef _DEBUG
        -:  637:	RakAssert( !( buffer == 0 ) );
        -:  638:#endif
        -:  639:
        -:  640:#if CC_TIME_TYPE_BYTES==4
        -:  641:	timeRead/=1000;
        -:  642:#endif
        -:  643:
        -:  644:
    #####:  645:	bpsMetrics[(int) ACTUAL_BYTES_RECEIVED].Push1(timeRead,length);
    %%%%%:  645-block  0
call    0 never executed
branch  1 never executed (fallthrough)
branch  2 never executed (throw)
        -:  646:
        -:  647:	(void) MTUSize;
        -:  648:
    #####:  649:	if ( length <= 2 || buffer == 0 )   // Length of 1 is a connection request resend that we just ignore
    %%%%%:  649-block  0
branch  0 never executed (fallthrough)
branch  1 never executed
    %%%%%:  649-block  1
branch  2 never executed (fallthrough)
branch  3 never executed
        -:  650:	{
    #####:  651:		for (unsigned int messageHandlerIndex=0; messageHandlerIndex < messageHandlerList.Size(); messageHandlerIndex++)
    %%%%%:  651-block  0
    %%%%%:  651-block  1
    %%%%%:  651-block  2
call    0 never executed
branch  1 never executed
branch  2 never executed (fallthrough)
    #####:  652:			messageHandlerList[messageHandlerIndex]->OnReliabilityLayerNotification("length <= 2 || buffer == 0", BYTES_TO_BITS(length), systemAddress, true);
    %%%%%:  652-block  0
call    0 never executed
call    1 never executed
branch  2 never executed (fallthrough)
branch  3 never executed (throw)
    #####:  653:		return true;
    %%%%%:  653-block  0
        -:  654:	}
        -:  655:
    #####:  656:	timeLastDatagramArrived= SLNet::GetTimeMS();
    %%%%%:  656-block  0
call    0 never executed
branch  1 never executed (fallthrough)
branch  2 never executed (throw)
        -:  657:
        -:  658:	//	CCTimeType time;
        -:  659://	bool indexFound;
        -:  660://	int count, size;
    #####:  661:	DatagramSequenceNumberType holeCount;
    %%%%%:  661-block  0
call    0 never executed
        -:  662:	unsigned i;
        -:  663:
        -:  664:#if LIBCAT_SECURITY==1
        -:  665:	if (useSecurity)
        -:  666:	{
        -:  667:		unsigned int received = length;
        -:  668:
        -:  669:		if (!auth_enc.Decrypt((cat::u8*)buffer, received))
        -:  670:			return false;
        -:  671:
        -:  672:		length = received;
        -:  673:	}
        -:  674:#endif
        -:  675:
    #####:  676:	SLNet::BitStream socketData( (unsigned char*) buffer, length, false ); // Convert the incoming data to a bitstream for easy parsing
call    0 never executed
branch  1 never executed (fallthrough)
branch  2 never executed (throw)
        -:  677:	//	time = SLNet::GetTimeUS();
        -:  678:
        -:  679:	// Set to the current time if it is not zero, and we get incoming data
        -:  680:	// 	if (timeResendQueueNonEmpty!=0)
        -:  681:	// 		timeResendQueueNonEmpty=timeRead;
        -:  682:
    #####:  683:	DatagramHeaderFormat dhf;
    %%%%%:  683-block  0
call    0 never executed
    #####:  684:	dhf.Deserialize(&socketData);
call    0 never executed
branch  1 never executed (fallthrough)
branch  2 never executed (throw)
    #####:  685:	if (dhf.isValid==false)
    %%%%%:  685-block  0
branch  0 never executed (fallthrough)
branch  1 never executed
        -:  686:	{
    #####:  687:		for (unsigned int messageHandlerIndex=0; messageHandlerIndex < messageHandlerList.Size(); messageHandlerIndex++)
    %%%%%:  687-block  0
    %%%%%:  687-block  1
    %%%%%:  687-block  2
call    0 never executed
branch  1 never executed
branch  2 never executed (fallthrough)
    #####:  688:			messageHandlerList[messageHandlerIndex]->OnReliabilityLayerNotification("dhf.isValid==false", BYTES_TO_BITS(length), systemAddress, true);
    %%%%%:  688-block  0
call    0 never executed
call    1 never executed
branch  2 never executed (fallthrough)
branch  3 never executed (throw)
        -:  689:
    #####:  690:		return true;
    %%%%%:  690-block  0
        -:  691:	}
    #####:  692:	if (dhf.isACK)
    %%%%%:  692-block  0
branch  0 never executed (fallthrough)
branch  1 never executed
        -:  693:	{
    #####:  694:		DatagramSequenceNumberType datagramNumber;
    %%%%%:  694-block  0
call    0 never executed
        -:  695:		// datagramNumber=dhf.datagramNumber;
        -:  696:
        -:  697:#if INCLUDE_TIMESTAMP_WITH_DATAGRAMS==1
        -:  698:		SLNet::TimeMS timeMSLow=(SLNet::TimeMS) timeRead&0xFFFFFFFF;
        -:  699:		CCTimeType rtt = timeMSLow-dhf.sourceSystemTime;
        -:  700:#if CC_TIME_TYPE_BYTES==4
        -:  701:		if (rtt > 10000)
        -:  702:#else
        -:  703:		if (rtt > 10000000)
        -:  704:#endif
        -:  705:		{
        -:  706:			// Sanity check. This could happen due to type overflow, especially since I only send the low 4 bytes to reduce bandwidth
        -:  707:			rtt=(CCTimeType) congestionManager.GetRTT();
        -:  708:		}
        -:  709:		//	RakAssert(rtt < 500000);
        -:  710:		//	printf("%i ", (SLNet::TimeMS)(rtt/1000));
        -:  711:		ackPing=rtt;
        -:  712:#endif
        -:  713:
        -:  714:#ifdef _DEBUG
        -:  715:		if (dhf.hasBAndAS==false)
        -:  716:		{
        -:  717:			//			dhf.B=0;
        -:  718:			dhf.AS=0;
        -:  719:		}
        -:  720:#endif
        -:  721:		//		congestionManager.OnAck(timeRead, rtt, dhf.hasBAndAS, dhf.B, dhf.AS, totalUserDataBytesAcked );
        -:  722:
        -:  723:
    #####:  724:		incomingAcks.Clear();
call    0 never executed
branch  1 never executed (fallthrough)
branch  2 never executed (throw)
    #####:  725:		if (incomingAcks.Deserialize(&socketData)==false)
    %%%%%:  725-block  0
call    0 never executed
branch  1 never executed (fallthrough)
branch  2 never executed (throw)
    %%%%%:  725-block  1
branch  3 never executed (fallthrough)
branch  4 never executed
        -:  726:		{
    #####:  727:			for (unsigned int messageHandlerIndex=0; messageHandlerIndex < messageHandlerList.Size(); messageHandlerIndex++)
    %%%%%:  727-block  0
    %%%%%:  727-block  1
    %%%%%:  727-block  2
call    0 never executed
branch  1 never executed
branch  2 never executed (fallthrough)
    #####:  728:				messageHandlerList[messageHandlerIndex]->OnReliabilityLayerNotification("incomingAcks.Deserialize failed", BYTES_TO_BITS(length), systemAddress, true);
    %%%%%:  728-block  0
call    0 never executed
call    1 never executed
branch  2 never executed (fallthrough)
branch  3 never executed (throw)
        -:  729:
    #####:  730:			return false;
    %%%%%:  730-block  0
    %%%%%:  730-block  1
        -:  731:		}
        -:  732:
    #####:  733:		unsigned int k = 0;
    #####:  734:		while (k < unreliableWithAckReceiptHistory.Size()) {
    %%%%%:  734-block  0
    %%%%%:  734-block  1
call    0 never executed
branch  1 never executed
branch  2 never executed (fallthrough)
    #####:  735:			if (incomingAcks.IsWithinRange(unreliableWithAckReceiptHistory[k].datagramNumber)) {
    %%%%%:  735-block  0
call    0 never executed
call    1 never executed
call    2 never executed
branch  3 never executed (fallthrough)
branch  4 never executed (throw)
    %%%%%:  735-block  1
branch  5 never executed (fallthrough)
branch  6 never executed
    $$$$$:  735-block  2
    #####:  736:				InternalPacket *ackReceipt = AllocateFromInternalPacketPool();
    %%%%%:  736-block  0
call    0 never executed
branch  1 never executed (fallthrough)
branch  2 never executed (throw)
    #####:  737:				AllocInternalPacketData(ackReceipt, 5, false, _FILE_AND_LINE_);
    %%%%%:  737-block  0
call    0 never executed
branch  1 never executed (fallthrough)
branch  2 never executed (throw)
    #####:  738:				ackReceipt->dataBitLength = BYTES_TO_BITS(5);
    #####:  739:				ackReceipt->data[0] = (MessageID)ID_SND_RECEIPT_ACKED;
    #####:  740:				memcpy(ackReceipt->data + sizeof(MessageID), &unreliableWithAckReceiptHistory[k].sendReceiptSerial, sizeof(uint32_t));
    %%%%%:  740-block  0
call    0 never executed
    #####:  741:				outputQueue.Push(ackReceipt, _FILE_AND_LINE_);
call    0 never executed
branch  1 never executed (fallthrough)
branch  2 never executed (throw)
        -:  742:
        -:  743:				// Remove, swap with last
    #####:  744:				unreliableWithAckReceiptHistory.RemoveAtIndex(k);
    %%%%%:  744-block  0
call    0 never executed
branch  1 never executed (fallthrough)
branch  2 never executed (throw)
        -:  745:			} else {
    #####:  746:				k++;
    %%%%%:  746-block  0
        -:  747:			}
        -:  748:		}
        -:  749:
        -:  750:		// early out, if we've got no outstanding datagramHistory entries
    #####:  751:		if (datagramHistory.IsEmpty()) {
    %%%%%:  751-block  0
call    0 never executed
branch  1 never executed (fallthrough)
branch  2 never executed
    #####:  752:			receivePacketCount++;
    #####:  753:			return true;
    %%%%%:  753-block  0
        -:  754:		}
        -:  755:
    #####:  756:		for (i = 0; i < incomingAcks.ranges.Size(); i++) {
    %%%%%:  756-block  0
    %%%%%:  756-block  1
    %%%%%:  756-block  2
call    0 never executed
branch  1 never executed (fallthrough)
branch  2 never executed (throw)
    %%%%%:  756-block  3
branch  3 never executed
branch  4 never executed (fallthrough)
        -:  757:			// note: minIndex is ensured to be always <= maxIndex - otherwise Deserialize() would have failed
        -:  758:			RakAssert(incomingAcks.ranges[i].minIndex <= incomingAcks.ranges[i].maxIndex);
        -:  759:
    #####:  760:			if (incomingAcks.ranges[i].maxIndex == (uint24_t)(0xFFFFFFFF)) {
    %%%%%:  760-block  0
call    0 never executed
call    1 never executed
branch  2 never executed (fallthrough)
branch  3 never executed (throw)
    %%%%%:  760-block  1
call    4 never executed
branch  5 never executed (fallthrough)
branch  6 never executed
    $$$$$:  760-block  2
    $$$$$:  760-block  3
    #####:  761:				for (unsigned int messageHandlerIndex=0; messageHandlerIndex < messageHandlerList.Size(); messageHandlerIndex++)
    %%%%%:  761-block  0
    %%%%%:  761-block  1
    %%%%%:  761-block  2
call    0 never executed
branch  1 never executed
branch  2 never executed (fallthrough)
    #####:  762:					messageHandlerList[messageHandlerIndex]->OnReliabilityLayerNotification("incomingAcks maxIndex is max value", BYTES_TO_BITS(length), systemAddress, true);
    %%%%%:  762-block  0
call    0 never executed
call    1 never executed
branch  2 never executed (fallthrough)
branch  3 never executed (throw)
    #####:  763:				return false;
    %%%%%:  763-block  0
        -:  764:			}
        -:  765:
    #####:  766:			for (datagramNumber = incomingAcks.ranges[i].minIndex; datagramNumber <= incomingAcks.ranges[i].maxIndex; datagramNumber++) {
    %%%%%:  766-block  0
call    0 never executed
branch  1 never executed (fallthrough)
branch  2 never executed (throw)
    %%%%%:  766-block  1
call    3 never executed
    %%%%%:  766-block  2
call    4 never executed
branch  5 never executed (fallthrough)
branch  6 never executed (throw)
    %%%%%:  766-block  3
    %%%%%:  766-block  4
call    7 never executed
call    8 never executed
branch  9 never executed (fallthrough)
branch 10 never executed (throw)
    %%%%%:  766-block  5
call   11 never executed
branch 12 never executed
branch 13 never executed (fallthrough)
    $$$$$:  766-block  6
    #####:  767:				const DatagramSequenceNumberType offsetIntoList = datagramNumber - datagramHistoryPopCount;
    %%%%%:  767-block  0
call    0 never executed
branch  1 never executed (fallthrough)
branch  2 never executed (throw)
    #####:  768:				if (offsetIntoList >= datagramHistory.Size()) {
    %%%%%:  768-block  0
call    0 never executed
call    1 never executed
branch  2 never executed (fallthrough)
branch  3 never executed
        -:  769:					// reached the end of the datagramHistory list - hence, we are done
    #####:  770:					receivePacketCount++;
    #####:  771:					return true;
    %%%%%:  771-block  0
        -:  772:				}
        -:  773:
        -:  774:				CCTimeType whenSent;
    #####:  775:				MessageNumberNode *messageNumberNode = GetMessageNumberNodeByDatagramIndex(datagramNumber, &whenSent);
    %%%%%:  775-block  0
call    0 never executed
call    1 never executed
branch  2 never executed (fallthrough)
branch  3 never executed (throw)
    $$$$$:  775-block  1
    #####:  776:				if (messageNumberNode)
    %%%%%:  776-block  0
branch  0 never executed (fallthrough)
branch  1 never executed
        -:  777:				{
        -:  778:				//	printf("%p Got ack for %i\n", this, datagramNumber.val);
        -:  779:#if INCLUDE_TIMESTAMP_WITH_DATAGRAMS==1
        -:  780:					congestionManager.OnAck(timeRead, rtt, dhf.hasBAndAS, 0, dhf.AS, totalUserDataBytesAcked, bandwidthExceededStatistic, datagramNumber );
        -:  781:#else
        -:  782:					CCTimeType ping;
    #####:  783:					if (timeRead>whenSent)
    %%%%%:  783-block  0
branch  0 never executed (fallthrough)
branch  1 never executed
    #####:  784:						ping=timeRead-whenSent;
    %%%%%:  784-block  0
        -:  785:					else
    #####:  786:						ping=0;
    %%%%%:  786-block  0
    #####:  787:					congestionManager.OnAck(timeRead, ping, dhf.hasBAndAS, 0, dhf.AS, totalUserDataBytesAcked, bandwidthExceededStatistic, datagramNumber );
    %%%%%:  787-block  0
call    0 never executed
call    1 never executed
branch  2 never executed (fallthrough)
branch  3 never executed (throw)
    $$$$$:  787-block  1
        -:  788:#endif
    #####:  789:					while (messageNumberNode)
    %%%%%:  789-block  0
    %%%%%:  789-block  1
branch  0 never executed
branch  1 never executed (fallthrough)
        -:  790:					{
        -:  791:						// TESTING1
        -:  792:// 						printf("Remove %i on ack for datagramNumber=%i.\n", messageNumberNode->messageNumber.val, datagramNumber.val);
        -:  793:
    #####:  794:						RemovePacketFromResendListAndDeleteOlderReliableSequenced( messageNumberNode->messageNumber, timeRead, messageHandlerList, systemAddress );
    %%%%%:  794-block  0
call    0 never executed
call    1 never executed
branch  2 never executed (fallthrough)
branch  3 never executed (throw)
    $$$$$:  794-block  1
    #####:  795:						messageNumberNode=messageNumberNode->next;
    %%%%%:  795-block  0
        -:  796:					}
        -:  797:
    #####:  798:					RemoveFromDatagramHistory(datagramNumber);
    %%%%%:  798-block  0
call    0 never executed
call    1 never executed
branch  2 never executed (fallthrough)
branch  3 never executed (throw)
    %%%%%:  798-block  1
    $$$$$:  798-block  2
        -:  799:				}
        -:  800:// 				else if (isReliable)
        -:  801:// 				{
        -:  802:// 					// Previously used slot, rather than empty unreliable slot
        -:  803:// 					printf("%p Ack %i is duplicate\n", this, datagramNumber.val);
        -:  804:// 
        -:  805://  					congestionManager.OnDuplicateAck(timeRead, datagramNumber);
        -:  806:// 				}
        -:  807:			}
        -:  808:		}
        -:  809:	}
    #####:  810:	else if (dhf.isNAK)
    %%%%%:  810-block  0
branch  0 never executed (fallthrough)
branch  1 never executed
        -:  811:	{
        -:  812:		// early out, if we've got no outstanding datagramHistory entries
    #####:  813:		if (datagramHistory.IsEmpty()) {
    %%%%%:  813-block  0
call    0 never executed
branch  1 never executed (fallthrough)
branch  2 never executed
    #####:  814:			receivePacketCount++;
    #####:  815:			return true;
    %%%%%:  815-block  0
    %%%%%:  815-block  1
        -:  816:		}
        -:  817:
    #####:  818:		DatagramSequenceNumberType messageNumber;
    %%%%%:  818-block  0
call    0 never executed
    #####:  819:		DataStructures::RangeList<DatagramSequenceNumberType> incomingNAKs;
call    0 never executed
branch  1 never executed (fallthrough)
branch  2 never executed (throw)
    #####:  820:		if (incomingNAKs.Deserialize(&socketData)==false)
    %%%%%:  820-block  0
call    0 never executed
branch  1 never executed (fallthrough)
branch  2 never executed (throw)
    %%%%%:  820-block  1
branch  3 never executed (fallthrough)
branch  4 never executed
        -:  821:		{
    #####:  822:			for (unsigned int messageHandlerIndex=0; messageHandlerIndex < messageHandlerList.Size(); messageHandlerIndex++)
    %%%%%:  822-block  0
    %%%%%:  822-block  1
    %%%%%:  822-block  2
call    0 never executed
branch  1 never executed
branch  2 never executed (fallthrough)
    #####:  823:				messageHandlerList[messageHandlerIndex]->OnReliabilityLayerNotification("incomingNAKs.Deserialize failed", BYTES_TO_BITS(length), systemAddress, true);			
    %%%%%:  823-block  0
call    0 never executed
call    1 never executed
branch  2 never executed (fallthrough)
branch  3 never executed (throw)
        -:  824:
    #####:  825:			return false;
    %%%%%:  825-block  0
        -:  826:		}
    #####:  827:		for (i=0; i<incomingNAKs.ranges.Size();i++)
    %%%%%:  827-block  0
    %%%%%:  827-block  1
    %%%%%:  827-block  2
call    0 never executed
branch  1 never executed (fallthrough)
branch  2 never executed (throw)
    %%%%%:  827-block  3
branch  3 never executed
branch  4 never executed (fallthrough)
        -:  828:		{
        -:  829:			// note: minIndex is ensured to be always <= maxIndex - otherwise Deserialize() would have failed
        -:  830:			RakAssert(incomingNAKs.ranges[i].minIndex <= incomingNAKs.ranges[i].maxIndex);
        -:  831:
    #####:  832:			if (incomingNAKs.ranges[i].maxIndex == (uint24_t)(0xFFFFFFFF)) {
    %%%%%:  832-block  0
call    0 never executed
call    1 never executed
branch  2 never executed (fallthrough)
branch  3 never executed (throw)
    %%%%%:  832-block  1
call    4 never executed
branch  5 never executed (fallthrough)
branch  6 never executed
    $$$$$:  832-block  2
    $$$$$:  832-block  3
    #####:  833:				for (unsigned int messageHandlerIndex=0; messageHandlerIndex < messageHandlerList.Size(); messageHandlerIndex++)
    %%%%%:  833-block  0
    %%%%%:  833-block  1
    %%%%%:  833-block  2
call    0 never executed
branch  1 never executed
branch  2 never executed (fallthrough)
    #####:  834:					messageHandlerList[messageHandlerIndex]->OnReliabilityLayerNotification("incomingNAKs maxIndex is max value", BYTES_TO_BITS(length), systemAddress, true);
    %%%%%:  834-block  0
call    0 never executed
call    1 never executed
branch  2 never executed (fallthrough)
branch  3 never executed (throw)
        -:  835:
    #####:  836:				return false;
    %%%%%:  836-block  0
        -:  837:			}
        -:  838:			// Sanity check
        -:  839:			//RakAssert(incomingNAKs.ranges[i].maxIndex.val-incomingNAKs.ranges[i].minIndex.val<1000);
    #####:  840:			for (messageNumber = incomingNAKs.ranges[i].minIndex; messageNumber <= incomingNAKs.ranges[i].maxIndex; messageNumber++)
    %%%%%:  840-block  0
call    0 never executed
branch  1 never executed (fallthrough)
branch  2 never executed (throw)
    %%%%%:  840-block  1
call    3 never executed
    %%%%%:  840-block  2
call    4 never executed
branch  5 never executed (fallthrough)
branch  6 never executed (throw)
    %%%%%:  840-block  3
    %%%%%:  840-block  4
call    7 never executed
call    8 never executed
branch  9 never executed (fallthrough)
branch 10 never executed (throw)
    %%%%%:  840-block  5
call   11 never executed
branch 12 never executed
branch 13 never executed (fallthrough)
    $$$$$:  840-block  6
        -:  841:			{
    #####:  842:				congestionManager.OnNAK(timeRead, messageNumber);
    %%%%%:  842-block  0
call    0 never executed
call    1 never executed
branch  2 never executed (fallthrough)
branch  3 never executed (throw)
    $$$$$:  842-block  1
        -:  843:
        -:  844:				// REMOVEME
        -:  845:				//				printf("%p NAK %i\n", this, dhf.datagramNumber.val);
        -:  846:
        -:  847:
    #####:  848:				const DatagramSequenceNumberType offsetIntoList = messageNumber - datagramHistoryPopCount;
    %%%%%:  848-block  0
call    0 never executed
branch  1 never executed (fallthrough)
branch  2 never executed (throw)
    #####:  849:				if (offsetIntoList >= datagramHistory.Size()) {
    %%%%%:  849-block  0
call    0 never executed
call    1 never executed
branch  2 never executed (fallthrough)
branch  3 never executed
        -:  850:					// reached the end of the datagramHistory list - hence, we are done
    #####:  851:					receivePacketCount++;
    #####:  852:					return true;
    %%%%%:  852-block  0
        -:  853:				}
        -:  854:
        -:  855:				CCTimeType timeSent;
    #####:  856:				MessageNumberNode *messageNumberNode = GetMessageNumberNodeByDatagramIndex(messageNumber, &timeSent);
    %%%%%:  856-block  0
call    0 never executed
call    1 never executed
branch  2 never executed (fallthrough)
branch  3 never executed (throw)
    $$$$$:  856-block  1
    #####:  857:				while (messageNumberNode)
    %%%%%:  857-block  0
    %%%%%:  857-block  1
branch  0 never executed
branch  1 never executed (fallthrough)
        -:  858:				{
        -:  859:					// Update timers so resends occur immediately
    #####:  860:					InternalPacket *internalPacket = resendBuffer[messageNumberNode->messageNumber & (uint32_t) RESEND_BUFFER_ARRAY_MASK];
    %%%%%:  860-block  0
call    0 never executed
call    1 never executed
    #####:  861:					if (internalPacket)
branch  0 never executed (fallthrough)
branch  1 never executed
        -:  862:					{
    #####:  863:						if (internalPacket->nextActionTime!=0)
    %%%%%:  863-block  0
branch  0 never executed (fallthrough)
branch  1 never executed
        -:  864:						{
    #####:  865:							internalPacket->nextActionTime=timeRead;
    %%%%%:  865-block  0
        -:  866:						}
        -:  867:					}				
        -:  868:
    #####:  869:					messageNumberNode=messageNumberNode->next;
    %%%%%:  869-block  0
        -:  870:				}
        -:  871:			}
        -:  872:		}
    #####:  873:	}
    %%%%%:  873-block  0
    %%%%%:  873-block  1
call    0 never executed
branch  1 never executed (fallthrough)
branch  2 never executed
    $$$$$:  873-block  2
call    3 never executed
        -:  874:	else
        -:  875:	{
        -:  876:		uint32_t skippedMessageCount;
    #####:  877:		if (!congestionManager.OnGotPacket(dhf.datagramNumber, dhf.isContinuousSend, timeRead, length, &skippedMessageCount))
    %%%%%:  877-block  0
call    0 never executed
call    1 never executed
branch  2 never executed (fallthrough)
branch  3 never executed (throw)
    %%%%%:  877-block  1
branch  4 never executed (fallthrough)
branch  5 never executed
    $$$$$:  877-block  2
        -:  878:		{
    #####:  879:			for (unsigned int messageHandlerIndex=0; messageHandlerIndex < messageHandlerList.Size(); messageHandlerIndex++)
    %%%%%:  879-block  0
    %%%%%:  879-block  1
    %%%%%:  879-block  2
call    0 never executed
branch  1 never executed
branch  2 never executed (fallthrough)
    #####:  880:				messageHandlerList[messageHandlerIndex]->OnReliabilityLayerNotification("congestionManager.OnGotPacket failed", BYTES_TO_BITS(length), systemAddress, true);			
    %%%%%:  880-block  0
call    0 never executed
call    1 never executed
branch  2 never executed (fallthrough)
branch  3 never executed (throw)
        -:  881:
    #####:  882:			return true;
    %%%%%:  882-block  0
    %%%%%:  882-block  1
        -:  883:		}
    #####:  884:		if (dhf.isPacketPair)
    %%%%%:  884-block  0
branch  0 never executed (fallthrough)
branch  1 never executed
    #####:  885:			congestionManager.OnGotPacketPair(dhf.datagramNumber, length, timeRead);
    %%%%%:  885-block  0
call    0 never executed
call    1 never executed
branch  2 never executed (fallthrough)
branch  3 never executed (throw)
    %%%%%:  885-block  1
    $$$$$:  885-block  2
        -:  886:
    #####:  887:		DatagramHeaderFormat dhfNAK;
    %%%%%:  887-block  0
call    0 never executed
    #####:  888:		dhfNAK.isNAK=true;
        -:  889:		uint32_t skippedMessageOffset;
    #####:  890:		for (skippedMessageOffset=skippedMessageCount; skippedMessageOffset > 0; skippedMessageOffset--)
    %%%%%:  890-block  0
branch  0 never executed
branch  1 never executed (fallthrough)
        -:  891:		{
    #####:  892:			NAKs.Insert(dhf.datagramNumber-skippedMessageOffset);
    %%%%%:  892-block  0
call    0 never executed
call    1 never executed
branch  2 never executed (fallthrough)
branch  3 never executed (throw)
    %%%%%:  892-block  1
    $$$$$:  892-block  2
        -:  893:		}
    #####:  894:		remoteSystemNeedsBAndAS=dhf.needsBAndAs;
        -:  895:
        -:  896:		// Ack dhf.datagramNumber
        -:  897:		// Ack even unreliable messages for congestion control, just don't resend them on no ack
        -:  898:#if INCLUDE_TIMESTAMP_WITH_DATAGRAMS==1
        -:  899:		SendAcknowledgementPacket( dhf.datagramNumber, dhf.sourceSystemTime);
        -:  900:#else
    #####:  901:		SendAcknowledgementPacket( dhf.datagramNumber, 0);
    %%%%%:  901-block  0
call    0 never executed
call    1 never executed
branch  2 never executed (fallthrough)
branch  3 never executed (throw)
    $$$$$:  901-block  1
        -:  902:#endif
        -:  903:
    #####:  904:		InternalPacket* internalPacket = CreateInternalPacketFromBitStream( &socketData, timeRead );
    %%%%%:  904-block  0
call    0 never executed
branch  1 never executed (fallthrough)
branch  2 never executed (throw)
    #####:  905:		if (internalPacket==0)
    %%%%%:  905-block  0
branch  0 never executed (fallthrough)
branch  1 never executed
        -:  906:		{
    #####:  907:			for (unsigned int messageHandlerIndex=0; messageHandlerIndex < messageHandlerList.Size(); messageHandlerIndex++)
    %%%%%:  907-block  0
    %%%%%:  907-block  1
    %%%%%:  907-block  2
call    0 never executed
branch  1 never executed
branch  2 never executed (fallthrough)
    #####:  908:				messageHandlerList[messageHandlerIndex]->OnReliabilityLayerNotification("CreateInternalPacketFromBitStream failed", BYTES_TO_BITS(length), systemAddress, true);			
    %%%%%:  908-block  0
call    0 never executed
call    1 never executed
branch  2 never executed (fallthrough)
branch  3 never executed (throw)
        -:  909:
    #####:  910:			return true;
    %%%%%:  910-block  0
        -:  911:		}
        -:  912:
    #####:  913:		while ( internalPacket )
    %%%%%:  913-block  0
    %%%%%:  913-block  1
branch  0 never executed
branch  1 never executed (fallthrough)
        -:  914:		{
    #####:  915:			for (unsigned int messageHandlerIndex=0; messageHandlerIndex < messageHandlerList.Size(); messageHandlerIndex++)
    %%%%%:  915-block  0
    %%%%%:  915-block  1
    %%%%%:  915-block  2
call    0 never executed
branch  1 never executed
branch  2 never executed (fallthrough)
        -:  916:			{
        -:  917:#if CC_TIME_TYPE_BYTES==4
        -:  918:				messageHandlerList[messageHandlerIndex]->OnInternalPacket(internalPacket, receivePacketCount, systemAddress, timeRead, false);
        -:  919:#else
    #####:  920:				messageHandlerList[messageHandlerIndex]->OnInternalPacket(internalPacket, receivePacketCount, systemAddress, (SLNet::TimeMS)(timeRead/(CCTimeType)1000), false);
    %%%%%:  920-block  0
call    0 never executed
call    1 never executed
branch  2 never executed (fallthrough)
branch  3 never executed (throw)
        -:  921:#endif
        -:  922:			}
        -:  923:
        -:  924:			{
        -:  925:
        -:  926:				// resetReceivedPackets is set from a non-threadsafe function.
        -:  927:				// We do the actual reset in this function so the data is not modified by multiple threads
    #####:  928:				if (resetReceivedPackets)
    %%%%%:  928-block  0
branch  0 never executed (fallthrough)
branch  1 never executed
        -:  929:				{
    #####:  930:					hasReceivedPacketQueue.ClearAndForceAllocation(DEFAULT_HAS_RECEIVED_PACKET_QUEUE_SIZE, _FILE_AND_LINE_);
    %%%%%:  930-block  0
call    0 never executed
branch  1 never executed (fallthrough)
branch  2 never executed (throw)
    #####:  931:					receivedPacketsBaseIndex=0;
    %%%%%:  931-block  0
call    0 never executed
    #####:  932:					resetReceivedPackets=false;
        -:  933:				}
        -:  934:
        -:  935:				// Check for corrupt orderingChannel
    #####:  936:				if ( 
    #####:  937:					internalPacket->reliability == RELIABLE_SEQUENCED ||
    %%%%%:  937-block  0
branch  0 never executed (fallthrough)
branch  1 never executed
    #####:  938:					internalPacket->reliability == UNRELIABLE_SEQUENCED ||
    %%%%%:  938-block  0
branch  0 never executed (fallthrough)
branch  1 never executed
    #####:  939:					internalPacket->reliability == RELIABLE_ORDERED
    %%%%%:  939-block  0
branch  0 never executed (fallthrough)
branch  1 never executed
        -:  940:					)
        -:  941:				{
    #####:  942:					if ( internalPacket->orderingChannel >= NUMBER_OF_ORDERED_STREAMS )
    %%%%%:  942-block  0
branch  0 never executed (fallthrough)
branch  1 never executed
        -:  943:					{
    #####:  944:						for (unsigned int messageHandlerIndex=0; messageHandlerIndex < messageHandlerList.Size(); messageHandlerIndex++)
    %%%%%:  944-block  0
    %%%%%:  944-block  1
    %%%%%:  944-block  2
call    0 never executed
branch  1 never executed
branch  2 never executed (fallthrough)
    #####:  945:							messageHandlerList[messageHandlerIndex]->OnReliabilityLayerNotification("internalPacket->orderingChannel >= NUMBER_OF_ORDERED_STREAMS", BYTES_TO_BITS(length), systemAddress, true);
    %%%%%:  945-block  0
call    0 never executed
call    1 never executed
branch  2 never executed (fallthrough)
branch  3 never executed (throw)
        -:  946:
    #####:  947:						bpsMetrics[(int) USER_MESSAGE_BYTES_RECEIVED_IGNORED].Push1(timeRead,BITS_TO_BYTES(internalPacket->dataBitLength));
    %%%%%:  947-block  0
call    0 never executed
branch  1 never executed (fallthrough)
branch  2 never executed (throw)
        -:  948:
    #####:  949:						FreeInternalPacketData(internalPacket, _FILE_AND_LINE_ );
    %%%%%:  949-block  0
call    0 never executed
branch  1 never executed (fallthrough)
branch  2 never executed (throw)
    #####:  950:						ReleaseToInternalPacketPool( internalPacket );
    %%%%%:  950-block  0
call    0 never executed
branch  1 never executed (fallthrough)
branch  2 never executed (throw)
    #####:  951:						goto CONTINUE_SOCKET_DATA_PARSE_LOOP;
    %%%%%:  951-block  0
        -:  952:					}
        -:  953:				}
        -:  954:
        -:  955:				// 8/12/09 was previously not checking if the message was reliable. However, on packetloss this would mean you'd eventually exceed the
        -:  956:				// hole count because unreliable messages were never resent, and you'd stop getting messages
    #####:  957:				if (internalPacket->reliability == RELIABLE || internalPacket->reliability == RELIABLE_SEQUENCED || internalPacket->reliability == RELIABLE_ORDERED )
    %%%%%:  957-block  0
branch  0 never executed (fallthrough)
branch  1 never executed
    %%%%%:  957-block  1
branch  2 never executed (fallthrough)
branch  3 never executed
    %%%%%:  957-block  2
branch  4 never executed (fallthrough)
branch  5 never executed
        -:  958:				{
        -:  959:					// If the following conditional is true then this either a duplicate packet
        -:  960:					// or an older out of order packet
        -:  961:					// The subtraction unsigned overflow is intentional
    #####:  962:					holeCount = (DatagramSequenceNumberType)(internalPacket->reliableMessageNumber-receivedPacketsBaseIndex);
    %%%%%:  962-block  0
call    0 never executed
branch  1 never executed (fallthrough)
branch  2 never executed (throw)
    %%%%%:  962-block  1
call    3 never executed
    $$$$$:  962-block  2
    #####:  963:					const DatagramSequenceNumberType typeRange = (DatagramSequenceNumberType)(const uint32_t)-1;
call    0 never executed
        -:  964:
        -:  965:					// TESTING1
        -:  966:// 					printf("waiting on reliableMessageNumber=%i holeCount=%i datagramNumber=%i\n", receivedPacketsBaseIndex.val, holeCount.val, dhf.datagramNumber.val);
        -:  967:
    #####:  968:					if (holeCount==(DatagramSequenceNumberType) 0)
call    0 never executed
call    1 never executed
branch  2 never executed (fallthrough)
branch  3 never executed
        -:  969:					{
        -:  970:						// Got what we were expecting
    #####:  971:						if (hasReceivedPacketQueue.Size())
    %%%%%:  971-block  0
call    0 never executed
branch  1 never executed (fallthrough)
branch  2 never executed
    #####:  972:							hasReceivedPacketQueue.Pop();
    %%%%%:  972-block  0
call    0 never executed
    #####:  973:						++receivedPacketsBaseIndex;
    %%%%%:  973-block  0
call    0 never executed
        -:  974:					}
[...]
    #####: 3742:			return;
    %%%%%: 3742-block  0
        -: 3743:		}
    #####: 3744:		internalPacket->unreliableNext=unreliableLinkedListHead;
    #####: 3745:		internalPacket->unreliablePrev=unreliableLinkedListHead->unreliablePrev;
    #####: 3746:		internalPacket->unreliablePrev->unreliableNext=internalPacket;
    #####: 3747:		unreliableLinkedListHead->unreliablePrev=internalPacket;
    %%%%%: 3747-block  0
        -: 3748:	}
        -: 3749:}
        -: 3750://-------------------------------------------------------------------------------------------------------
function SLNet::ReliabilityLayer::ValidateResendList() const called 0 returned 0% blocks executed 0%
    #####: 3751:void ReliabilityLayer::ValidateResendList(void) const
        -: 3752:{
        -: 3753:// 	unsigned int count1=0, count2=0;
        -: 3754:// 	for (unsigned int i=0; i < RESEND_BUFFER_ARRAY_LENGTH; i++)
        -: 3755:// 	if (resendBuffer[i])
        -: 3756:// 	count1++;
        -: 3757:// 
        -: 3758:// 	if (resendLinkedListHead)
        -: 3759:// 	{
        -: 3760:// 	InternalPacket *internalPacket = resendLinkedListHead;
        -: 3761:// 	do 
        -: 3762:// 	{
        -: 3763:// 	count2++;
        -: 3764:// 	internalPacket=internalPacket->resendNext;
        -: 3765:// 	} while (internalPacket!=resendLinkedListHead);
        -: 3766:// 	}
        -: 3767:// 	RakAssert(count1==count2);
        -: 3768:// 	RakAssert(count2<=RESEND_BUFFER_ARRAY_LENGTH);
    #####: 3769:}
        -: 3770://-------------------------------------------------------------------------------------------------------
function SLNet::ReliabilityLayer::ResendBufferOverflow() const called 0 returned 0% blocks executed 0%
    #####: 3771:bool ReliabilityLayer::ResendBufferOverflow(void) const
        -: 3772:{
    #####: 3773:	int index1 = sendReliableMessageNumberIndex & (uint32_t) RESEND_BUFFER_ARRAY_MASK;
    %%%%%: 3773-block  0
call    0 never executed
        -: 3774:	//	int index2 = (sendReliableMessageNumberIndex+(uint32_t)1) & (uint32_t) RESEND_BUFFER_ARRAY_MASK;
        -: 3775:	RakAssert(index1<RESEND_BUFFER_ARRAY_LENGTH);
    #####: 3776:	return resendBuffer[index1]!=0; // || resendBuffer[index2]!=0;
        -: 3777:
        -: 3778:}
        -: 3779://-------------------------------------------------------------------------------------------------------
function SLNet::ReliabilityLayer::GetMessageNumberNodeByDatagramIndex(SLNet::uint24_t, unsigned long*) called 0 returned 0% blocks executed 0%
    #####: 3780:ReliabilityLayer::MessageNumberNode* ReliabilityLayer::GetMessageNumberNodeByDatagramIndex(DatagramSequenceNumberType index, CCTimeType *timeSent)
        -: 3781:{
    #####: 3782:	if (datagramHistory.IsEmpty())
    %%%%%: 3782-block  0
call    0 never executed
branch  1 never executed (fallthrough)
branch  2 never executed
    #####: 3783:		return 0;
    %%%%%: 3783-block  0
        -: 3784:
    #####: 3785:	if (congestionManager.LessThan(index, datagramHistoryPopCount))
    %%%%%: 3785-block  0
call    0 never executed
call    1 never executed
call    2 never executed
branch  3 never executed (fallthrough)
branch  4 never executed (throw)
    %%%%%: 3785-block  1
branch  5 never executed (fallthrough)
branch  6 never executed
    $$$$$: 3785-block  2
    $$$$$: 3785-block  3
    #####: 3786:		return 0;
    %%%%%: 3786-block  0
        -: 3787:
    #####: 3788:	DatagramSequenceNumberType offsetIntoList = index - datagramHistoryPopCount;
    %%%%%: 3788-block  0
call    0 never executed
branch  1 never executed (fallthrough)
branch  2 never executed (throw)
    #####: 3789:	if (offsetIntoList >= datagramHistory.Size())
    %%%%%: 3789-block  0
call    0 never executed
call    1 never executed
branch  2 never executed (fallthrough)
branch  3 never executed
    #####: 3790:		return 0;
    %%%%%: 3790-block  0
        -: 3791:
    #####: 3792:	*timeSent=datagramHistory[offsetIntoList].timeSent;
    %%%%%: 3792-block  0
call    0 never executed
call    1 never executed
    #####: 3793:	return datagramHistory[offsetIntoList].head;
call    0 never executed
call    1 never executed
        -: 3794:}
        -: 3795://-------------------------------------------------------------------------------------------------------
function SLNet::ReliabilityLayer::RemoveFromDatagramHistory(SLNet::uint24_t) called 0 returned 0% blocks executed 0%
    #####: 3796:void ReliabilityLayer::RemoveFromDatagramHistory(DatagramSequenceNumberType index)
        -: 3797:{
    #####: 3798:	DatagramSequenceNumberType offsetIntoList = index - datagramHistoryPopCount;
    %%%%%: 3798-block  0
call    0 never executed
branch  1 never executed (fallthrough)
branch  2 never executed (throw)
    #####: 3799:	MessageNumberNode *mnm = datagramHistory[offsetIntoList].head;
    %%%%%: 3799-block  0
call    0 never executed
call    1 never executed
        -: 3800:	MessageNumberNode *next;
    #####: 3801:	while (mnm)
    %%%%%: 3801-block  0
branch  0 never executed
branch  1 never executed (fallthrough)
        -: 3802:	{
    #####: 3803:		next=mnm->next;
    #####: 3804:		datagramHistoryMessagePool.Release(mnm, _FILE_AND_LINE_);
    %%%%%: 3804-block  0
call    0 never executed
branch  1 never executed (fallthrough)
branch  2 never executed (throw)
    #####: 3805:		mnm=next;
    %%%%%: 3805-block  0
        -: 3806:	}
    #####: 3807:	datagramHistory[offsetIntoList].head=0;
    %%%%%: 3807-block  0
call    0 never executed
call    1 never executed
    #####: 3808:}
        -: 3809://-------------------------------------------------------------------------------------------------------
function SLNet::ReliabilityLayer::AddFirstToDatagramHistory(SLNet::uint24_t, unsigned long) called 0 returned 0% blocks executed 0%
    #####: 3810:void ReliabilityLayer::AddFirstToDatagramHistory(DatagramSequenceNumberType datagramNumber, CCTimeType timeSent)
        -: 3811:{
        -: 3812:	(void) datagramNumber;
    #####: 3813:	if (datagramHistory.Size()>DATAGRAM_MESSAGE_ID_ARRAY_LENGTH)
    %%%%%: 3813-block  0
call    0 never executed
branch  1 never executed (fallthrough)
branch  2 never executed
        -: 3814:	{
    #####: 3815:		RemoveFromDatagramHistory(datagramHistoryPopCount);
    %%%%%: 3815-block  0
call    0 never executed
call    1 never executed
branch  2 never executed (fallthrough)
branch  3 never executed (throw)
    $$$$$: 3815-block  1
call    4 never executed
    #####: 3816:		datagramHistory.Pop();
    %%%%%: 3816-block  0
call    0 never executed
    #####: 3817:		datagramHistoryPopCount++;
call    0 never executed
branch  1 never executed (fallthrough)
branch  2 never executed (throw)
    %%%%%: 3817-block  0
    $$$$$: 3817-block  1
call    3 never executed
        -: 3818:	}
        -: 3819:
    #####: 3820:	datagramHistory.Push(DatagramHistoryNode(0, timeSent), _FILE_AND_LINE_);
    %%%%%: 3820-block  0
call    0 never executed
call    1 never executed
branch  2 never executed (fallthrough)
branch  3 never executed (throw)
        -: 3821:	// printf("%p Pushed empty DatagramHistoryNode to datagram history at index %i\n", this, datagramHistory.Size()-1);
    #####: 3822:}
    %%%%%: 3822-block  0
        -: 3823://-------------------------------------------------------------------------------------------------------
function SLNet::ReliabilityLayer::AddFirstToDatagramHistory(SLNet::uint24_t, SLNet::uint24_t, unsigned long) called 0 returned 0% blocks executed 0%
    #####: 3824:ReliabilityLayer::MessageNumberNode* ReliabilityLayer::AddFirstToDatagramHistory(DatagramSequenceNumberType datagramNumber, DatagramSequenceNumberType messageNumber, CCTimeType timeSent)
        -: 3825:{
        -: 3826:	(void) datagramNumber;
        -: 3827://	RakAssert(datagramHistoryPopCount+(unsigned int) datagramHistory.Size()==datagramNumber);
    #####: 3828:	if (datagramHistory.Size()>DATAGRAM_MESSAGE_ID_ARRAY_LENGTH)
    %%%%%: 3828-block  0
call    0 never executed
branch  1 never executed (fallthrough)
branch  2 never executed
        -: 3829:	{
    #####: 3830:		RemoveFromDatagramHistory(datagramHistoryPopCount);
    %%%%%: 3830-block  0
call    0 never executed
call    1 never executed
branch  2 never executed (fallthrough)
branch  3 never executed (throw)
    $$$$$: 3830-block  1
call    4 never executed
    #####: 3831:		datagramHistory.Pop();
    %%%%%: 3831-block  0
call    0 never executed
    #####: 3832:		datagramHistoryPopCount++;
call    0 never executed
branch  1 never executed (fallthrough)
branch  2 never executed (throw)
    %%%%%: 3832-block  0
    $$$$$: 3832-block  1
call    3 never executed
        -: 3833:	}
        -: 3834:
    #####: 3835:	MessageNumberNode *mnm = datagramHistoryMessagePool.Allocate(_FILE_AND_LINE_);
    %%%%%: 3835-block  0
call    0 never executed
    #####: 3836:	mnm->next=0;
    #####: 3837:	mnm->messageNumber=messageNumber;
call    0 never executed
    #####: 3838:	datagramHistory.Push(DatagramHistoryNode(mnm, timeSent), _FILE_AND_LINE_);
call    0 never executed
call    1 never executed
branch  2 never executed (fallthrough)
branch  3 never executed (throw)
        -: 3839:	// printf("%p Pushed message %i to DatagramHistoryNode to datagram history at index %i\n", this, messageNumber.val, datagramHistory.Size()-1);
    #####: 3840:	return mnm;
    %%%%%: 3840-block  0
    %%%%%: 3840-block  1
        -: 3841:}
        -: 3842://-------------------------------------------------------------------------------------------------------
function SLNet::ReliabilityLayer::AddSubsequentToDatagramHistory(SLNet::ReliabilityLayer::MessageNumberNode*, SLNet::uint24_t) called 0 returned 0% blocks executed 0%
    #####: 3843:ReliabilityLayer::MessageNumberNode* ReliabilityLayer::AddSubsequentToDatagramHistory(MessageNumberNode *messageNumberNode, DatagramSequenceNumberType messageNumber)
        -: 3844:{
    #####: 3845:	messageNumberNode->next=datagramHistoryMessagePool.Allocate(_FILE_AND_LINE_);
    %%%%%: 3845-block  0
call    0 never executed
    #####: 3846:	messageNumberNode->next->messageNumber=messageNumber;
call    0 never executed
    #####: 3847:	messageNumberNode->next->next=0;
    #####: 3848:	return messageNumberNode->next;		
        -: 3849:}
        -: 3850://-------------------------------------------------------------------------------------------------------
function SLNet::ReliabilityLayer::AllocInternalPacketData(SLNet::InternalPacket*, SLNet::InternalPacketRefCountedData**, unsigned char*, unsigned char*) called 0 returned 0% blocks executed 0%
    #####: 3851:void ReliabilityLayer::AllocInternalPacketData(InternalPacket *internalPacket, InternalPacketRefCountedData **refCounter, unsigned char *externallyAllocatedPtr, unsigned char *ourOffset)
        -: 3852:{
    #####: 3853:	internalPacket->allocationScheme=InternalPacket::REF_COUNTED;
    #####: 3854:	internalPacket->data=ourOffset;
    #####: 3855:	if (*refCounter==0)
    %%%%%: 3855-block  0
branch  0 never executed (fallthrough)
branch  1 never executed
        -: 3856:	{
    #####: 3857:		*refCounter = refCountedDataPool.Allocate(_FILE_AND_LINE_);
    %%%%%: 3857-block  0
call    0 never executed
        -: 3858:		// *refCounter = SLNet::OP_NEW<InternalPacketRefCountedData>(_FILE_AND_LINE_);
    #####: 3859:		(*refCounter)->refCount=1;
    #####: 3860:		(*refCounter)->sharedDataBlock=externallyAllocatedPtr;
        -: 3861:	}
        -: 3862:	else
    #####: 3863:		(*refCounter)->refCount++;
    %%%%%: 3863-block  0
    #####: 3864:	internalPacket->refCountedData=(*refCounter);
    #####: 3865:}
        -: 3866://-------------------------------------------------------------------------------------------------------
function SLNet::ReliabilityLayer::AllocInternalPacketData(SLNet::InternalPacket*, unsigned char*) called 0 returned 0% blocks executed 0%
    #####: 3867:void ReliabilityLayer::AllocInternalPacketData(InternalPacket *internalPacket, unsigned char *externallyAllocatedPtr)
        -: 3868:{
    #####: 3869:	internalPacket->allocationScheme=InternalPacket::NORMAL;
    #####: 3870:	internalPacket->data=externallyAllocatedPtr;
    #####: 3871:}
        -: 3872://-------------------------------------------------------------------------------------------------------
function SLNet::ReliabilityLayer::AllocInternalPacketData(SLNet::InternalPacket*, unsigned int, bool, char const*, unsigned int) called 0 returned 0% blocks executed 0%
    #####: 3873:void ReliabilityLayer::AllocInternalPacketData(InternalPacket *internalPacket, unsigned int numBytes, bool allowStack, const char *file, unsigned int line)
        -: 3874:{
    #####: 3875:	if (allowStack && numBytes <= sizeof(internalPacket->stackData))
    %%%%%: 3875-block  0
branch  0 never executed (fallthrough)
branch  1 never executed
    %%%%%: 3875-block  1
branch  2 never executed (fallthrough)
branch  3 never executed
        -: 3876:	{
    #####: 3877:		internalPacket->allocationScheme=InternalPacket::STACK;
    #####: 3878:		internalPacket->data=internalPacket->stackData;
    %%%%%: 3878-block  0
        -: 3879:	}
        -: 3880:	else
        -: 3881:	{
    #####: 3882:		internalPacket->allocationScheme=InternalPacket::NORMAL;
    #####: 3883:		internalPacket->data=(unsigned char*) rakMalloc_Ex(numBytes,file,line);
    %%%%%: 3883-block  0
call    0 never executed
        -: 3884:	}
    #####: 3885:}
        -: 3886://-------------------------------------------------------------------------------------------------------
function SLNet::ReliabilityLayer::FreeInternalPacketData(SLNet::InternalPacket*, char const*, unsigned int) called 0 returned 0% blocks executed 0%
    #####: 3887:void ReliabilityLayer::FreeInternalPacketData(InternalPacket *internalPacket, const char *file, unsigned int line)
        -: 3888:{
    #####: 3889:	if (internalPacket==0)
    %%%%%: 3889-block  0
branch  0 never executed (fallthrough)
branch  1 never executed
    #####: 3890:		return;
    %%%%%: 3890-block  0
        -: 3891:
    #####: 3892:	if (internalPacket->allocationScheme==InternalPacket::REF_COUNTED)
    %%%%%: 3892-block  0
branch  0 never executed (fallthrough)
branch  1 never executed
        -: 3893:	{
    #####: 3894:		if (internalPacket->refCountedData==0)
    %%%%%: 3894-block  0
branch  0 never executed (fallthrough)
branch  1 never executed
    #####: 3895:			return;
    %%%%%: 3895-block  0
        -: 3896:
    #####: 3897:		internalPacket->refCountedData->refCount--;
    #####: 3898:		if (internalPacket->refCountedData->refCount==0)
    %%%%%: 3898-block  0
branch  0 never executed (fallthrough)
branch  1 never executed
        -: 3899:		{
    #####: 3900:			rakFree_Ex(internalPacket->refCountedData->sharedDataBlock, file, line );
    %%%%%: 3900-block  0
call    0 never executed
    #####: 3901:			internalPacket->refCountedData->sharedDataBlock=0;
        -: 3902:			// SLNet::OP_DELETE(internalPacket->refCountedData,file, line);
    #####: 3903:			refCountedDataPool.Release(internalPacket->refCountedData,file, line);
call    0 never executed
    #####: 3904:			internalPacket->refCountedData=0;
        -: 3905:		}
        -: 3906:	}
    #####: 3907:	else if (internalPacket->allocationScheme==InternalPacket::NORMAL)
    %%%%%: 3907-block  0
branch  0 never executed (fallthrough)
branch  1 never executed
        -: 3908:	{
    #####: 3909:		if (internalPacket->data==0)
    %%%%%: 3909-block  0
branch  0 never executed (fallthrough)
branch  1 never executed
    #####: 3910:			return;
    %%%%%: 3910-block  0
        -: 3911:
    #####: 3912:		rakFree_Ex(internalPacket->data, file, line );
    %%%%%: 3912-block  0
call    0 never executed
    #####: 3913:		internalPacket->data=0;
        -: 3914:	}
        -: 3915:	else
        -: 3916:	{
        -: 3917:		// Data was on stack
    #####: 3918:		internalPacket->data=0;
    %%%%%: 3918-block  0
        -: 3919:	}
        -: 3920:}
        -: 3921://-------------------------------------------------------------------------------------------------------
function SLNet::ReliabilityLayer::GetMaxDatagramSizeExcludingMessageHeaderBytes() called 0 returned 0% blocks executed 0%
    #####: 3922:unsigned int ReliabilityLayer::GetMaxDatagramSizeExcludingMessageHeaderBytes(void)
        -: 3923:{
    #####: 3924:	unsigned int val = congestionManager.GetMTU() - DatagramHeaderFormat::GetDataHeaderByteLength();
    %%%%%: 3924-block  0
call    0 never executed
call    1 never executed
        -: 3925:
        -: 3926:#if LIBCAT_SECURITY==1
        -: 3927:	if (useSecurity)
        -: 3928:		val -= cat::AuthenticatedEncryption::OVERHEAD_BYTES;
        -: 3929:#endif
        -: 3930:
    #####: 3931:	return val;
        -: 3932:}
        -: 3933://-------------------------------------------------------------------------------------------------------
function SLNet::ReliabilityLayer::GetMaxDatagramSizeExcludingMessageHeaderBits() called 0 returned 0% blocks executed 0%
    #####: 3934:BitSize_t ReliabilityLayer::GetMaxDatagramSizeExcludingMessageHeaderBits(void)
        -: 3935:{
    #####: 3936:	return BYTES_TO_BITS(GetMaxDatagramSizeExcludingMessageHeaderBytes());
    %%%%%: 3936-block  0
call    0 never executed
        -: 3937:}
        -: 3938://-------------------------------------------------------------------------------------------------------
function SLNet::ReliabilityLayer::InitHeapWeights() called 0 returned 0% blocks executed 0%
    #####: 3939:void ReliabilityLayer::InitHeapWeights(void)
        -: 3940:{
    #####: 3941:	for (int priorityLevel=0; priorityLevel < NUMBER_OF_PRIORITIES; priorityLevel++)
    %%%%%: 3941-block  0
    %%%%%: 3941-block  1
branch  0 never executed
branch  1 never executed (fallthrough)
    #####: 3942:		outgoingPacketBufferNextWeights[priorityLevel]=(1<<priorityLevel)*priorityLevel+priorityLevel;
    %%%%%: 3942-block  0
    #####: 3943:}
        -: 3944://-------------------------------------------------------------------------------------------------------
function SLNet::ReliabilityLayer::GetNextWeight(int) called 0 returned 0% blocks executed 0%
    #####: 3945:reliabilityHeapWeightType ReliabilityLayer::GetNextWeight(int priorityLevel)
        -: 3946:{
    #####: 3947:	uint64_t next = outgoingPacketBufferNextWeights[priorityLevel];
    #####: 3948:	if (outgoingPacketBuffer.Size()>0)
    %%%%%: 3948-block  0
call    0 never executed
branch  1 never executed (fallthrough)
branch  2 never executed
        -: 3949:	{
    #####: 3950:		int peekPL = outgoingPacketBuffer.Peek()->priority;
    %%%%%: 3950-block  0
call    0 never executed
    #####: 3951:		reliabilityHeapWeightType weight = outgoingPacketBuffer.PeekWeight();
call    0 never executed
    #####: 3952:		reliabilityHeapWeightType min = weight - (1<<peekPL)*peekPL+peekPL;
    #####: 3953:		if (next<min)
branch  0 never executed (fallthrough)
branch  1 never executed
    #####: 3954:			next=min + (1<<priorityLevel)*priorityLevel+priorityLevel;
    %%%%%: 3954-block  0
    #####: 3955:		outgoingPacketBufferNextWeights[priorityLevel]=next+(1<<priorityLevel)*(priorityLevel+1)+priorityLevel;
    %%%%%: 3955-block  0
        -: 3956:	}
        -: 3957:	else
        -: 3958:	{
    #####: 3959:		InitHeapWeights();
    %%%%%: 3959-block  0
call    0 never executed
        -: 3960:	}
    #####: 3961:	return next;
    %%%%%: 3961-block  0
        -: 3962:}
        -: 3963:
        -: 3964://-------------------------------------------------------------------------------------------------------
        -: 3965:// #if defined(RELIABILITY_LAYER_NEW_UNDEF_ALLOCATING_QUEUE)
        -: 3966:// #pragma pop_macro("new")
        -: 3967:// #undef RELIABILITY_LAYER_NEW_UNDEF_ALLOCATING_QUEUE
        -: 3968:// #endif
